{
  "Plan": {
    "Node Type": "Gather",
    "Parallel Aware": false,
    "Async Capable": false,
    "Startup Cost": 1361.78,
    "Total Cost": 145386.12,
    "Plan Rows": 712,
    "Plan Width": 32,
    "Actual Startup Time": 1.399,
    "Actual Total Time": 172.078,
    "Actual Rows": 4500,
    "Actual Loops": 1,
    "Output": [
      "supplier.s_name",
      "supplier.s_acctbal"
    ],
    "Workers Planned": 2,
    "Workers Launched": 2,
    "Single Copy": false,
    "Shared Hit Blocks": 11739,
    "Shared Read Blocks": 101625,
    "Shared Dirtied Blocks": 0,
    "Shared Written Blocks": 0,
    "Local Hit Blocks": 0,
    "Local Read Blocks": 0,
    "Local Dirtied Blocks": 0,
    "Local Written Blocks": 0,
    "Temp Read Blocks": 0,
    "Temp Written Blocks": 0,
    "Plans": [
      {
        "Node Type": "Hash Join",
        "Parent Relationship": "Outer",
        "Parallel Aware": false,
        "Async Capable": false,
        "Join Type": "Inner",
        "Startup Cost": 361.78,
        "Total Cost": 144314.92,
        "Plan Rows": 297,
        "Plan Width": 32,
        "Actual Startup Time": 1.238,
        "Actual Total Time": 169.356,
        "Actual Rows": 1500,
        "Actual Loops": 3,
        "Output": [
          "supplier.s_name",
          "supplier.s_acctbal"
        ],
        "Inner Unique": false,
        "Hash Cond": "(lineitem.l_suppkey = supplier.s_suppkey)",
        "Shared Hit Blocks": 11739,
        "Shared Read Blocks": 101625,
        "Shared Dirtied Blocks": 0,
        "Shared Written Blocks": 0,
        "Local Hit Blocks": 0,
        "Local Read Blocks": 0,
        "Local Dirtied Blocks": 0,
        "Local Written Blocks": 0,
        "Temp Read Blocks": 0,
        "Temp Written Blocks": 0,
        "Workers": [
          {
            "Worker Number": 0,
            "Actual Startup Time": 1.2,
            "Actual Total Time": 168.677,
            "Actual Rows": 1440,
            "Actual Loops": 1,
            "Shared Hit Blocks": 3744,
            "Shared Read Blocks": 33689,
            "Shared Dirtied Blocks": 0,
            "Shared Written Blocks": 0,
            "Local Hit Blocks": 0,
            "Local Read Blocks": 0,
            "Local Dirtied Blocks": 0,
            "Local Written Blocks": 0,
            "Temp Read Blocks": 0,
            "Temp Written Blocks": 0
          },
          {
            "Worker Number": 1,
            "Actual Startup Time": 1.227,
            "Actual Total Time": 168.691,
            "Actual Rows": 1511,
            "Actual Loops": 1,
            "Shared Hit Blocks": 4188,
            "Shared Read Blocks": 33636,
            "Shared Dirtied Blocks": 0,
            "Shared Written Blocks": 0,
            "Local Hit Blocks": 0,
            "Local Read Blocks": 0,
            "Local Dirtied Blocks": 0,
            "Local Written Blocks": 0,
            "Temp Read Blocks": 0,
            "Temp Written Blocks": 0
          }
        ],
        "Plans": [
          {
            "Node Type": "Seq Scan",
            "Parent Relationship": "Outer",
            "Parallel Aware": true,
            "Async Capable": false,
            "Relation Name": "lineitem",
            "Schema": "public",
            "Alias": "lineitem",
            "Startup Cost": 0.0,
            "Total Cost": 143761.69,
            "Plan Rows": 50264,
            "Plan Width": 4,
            "Actual Startup Time": 0.038,
            "Actual Total Time": 166.212,
            "Actual Rows": 39890,
            "Actual Loops": 3,
            "Output": [
              "lineitem.l_orderkey",
              "lineitem.l_partkey",
              "lineitem.l_suppkey",
              "lineitem.l_linenumber",
              "lineitem.l_quantity",
              "lineitem.l_extendedprice",
              "lineitem.l_discount",
              "lineitem.l_tax",
              "lineitem.l_returnflag",
              "lineitem.l_linestatus",
              "lineitem.l_shipdate",
              "lineitem.l_commitdate",
              "lineitem.l_receiptdate",
              "lineitem.l_shipinstruct",
              "lineitem.l_shipmode",
              "lineitem.l_comment"
            ],
            "Filter": "(lineitem.l_quantity = '30'::numeric)",
            "Rows Removed by Filter": 1960515,
            "Shared Hit Blocks": 10878,
            "Shared Read Blocks": 101625,
            "Shared Dirtied Blocks": 0,
            "Shared Written Blocks": 0,
            "Local Hit Blocks": 0,
            "Local Read Blocks": 0,
            "Local Dirtied Blocks": 0,
            "Local Written Blocks": 0,
            "Temp Read Blocks": 0,
            "Temp Written Blocks": 0,
            "Workers": [
              {
                "Worker Number": 0,
                "Actual Startup Time": 0.035,
                "Actual Total Time": 165.445,
                "Actual Rows": 39671,
                "Actual Loops": 1,
                "Shared Hit Blocks": 3425,
                "Shared Read Blocks": 33689,
                "Shared Dirtied Blocks": 0,
                "Shared Written Blocks": 0,
                "Local Hit Blocks": 0,
                "Local Read Blocks": 0,
                "Local Dirtied Blocks": 0,
                "Local Written Blocks": 0,
                "Temp Read Blocks": 0,
                "Temp Written Blocks": 0
              },
              {
                "Worker Number": 1,
                "Actual Startup Time": 0.034,
                "Actual Total Time": 165.484,
                "Actual Rows": 39873,
                "Actual Loops": 1,
                "Shared Hit Blocks": 3869,
                "Shared Read Blocks": 33636,
                "Shared Dirtied Blocks": 0,
                "Shared Written Blocks": 0,
                "Local Hit Blocks": 0,
                "Local Read Blocks": 0,
                "Local Dirtied Blocks": 0,
                "Local Written Blocks": 0,
                "Temp Read Blocks": 0,
                "Temp Written Blocks": 0
              }
            ]
          },
          {
            "Node Type": "Hash",
            "Parent Relationship": "Inner",
            "Parallel Aware": false,
            "Async Capable": false,
            "Startup Cost": 361.04,
            "Total Cost": 361.04,
            "Plan Rows": 59,
            "Plan Width": 36,
            "Actual Startup Time": 1.027,
            "Actual Total Time": 1.028,
            "Actual Rows": 377,
            "Actual Loops": 3,
            "Output": [
              "supplier.s_name",
              "supplier.s_acctbal",
              "supplier.s_suppkey"
            ],
            "Hash Buckets": 1024,
            "Original Hash Buckets": 1024,
            "Hash Batches": 1,
            "Original Hash Batches": 1,
            "Peak Memory Usage": 35,
            "Shared Hit Blocks": 669,
            "Shared Read Blocks": 0,
            "Shared Dirtied Blocks": 0,
            "Shared Written Blocks": 0,
            "Local Hit Blocks": 0,
            "Local Read Blocks": 0,
            "Local Dirtied Blocks": 0,
            "Local Written Blocks": 0,
            "Temp Read Blocks": 0,
            "Temp Written Blocks": 0,
            "Workers": [
              {
                "Worker Number": 0,
                "Actual Startup Time": 1.07,
                "Actual Total Time": 1.071,
                "Actual Rows": 377,
                "Actual Loops": 1,
                "Shared Hit Blocks": 223,
                "Shared Read Blocks": 0,
                "Shared Dirtied Blocks": 0,
                "Shared Written Blocks": 0,
                "Local Hit Blocks": 0,
                "Local Read Blocks": 0,
                "Local Dirtied Blocks": 0,
                "Local Written Blocks": 0,
                "Temp Read Blocks": 0,
                "Temp Written Blocks": 0
              },
              {
                "Worker Number": 1,
                "Actual Startup Time": 1.07,
                "Actual Total Time": 1.071,
                "Actual Rows": 377,
                "Actual Loops": 1,
                "Shared Hit Blocks": 223,
                "Shared Read Blocks": 0,
                "Shared Dirtied Blocks": 0,
                "Shared Written Blocks": 0,
                "Local Hit Blocks": 0,
                "Local Read Blocks": 0,
                "Local Dirtied Blocks": 0,
                "Local Written Blocks": 0,
                "Temp Read Blocks": 0,
                "Temp Written Blocks": 0
              }
            ],
            "Plans": [
              {
                "Node Type": "Hash Join",
                "Parent Relationship": "Outer",
                "Parallel Aware": false,
                "Async Capable": false,
                "Join Type": "Inner",
                "Startup Cost": 12.14,
                "Total Cost": 361.04,
                "Plan Rows": 59,
                "Plan Width": 36,
                "Actual Startup Time": 0.039,
                "Actual Total Time": 1.0,
                "Actual Rows": 377,
                "Actual Loops": 3,
                "Output": [
                  "supplier.s_name",
                  "supplier.s_acctbal",
                  "supplier.s_suppkey"
                ],
                "Inner Unique": true,
                "Hash Cond": "(supplier.s_nationkey = nation.n_nationkey)",
                "Shared Hit Blocks": 669,
                "Shared Read Blocks": 0,
                "Shared Dirtied Blocks": 0,
                "Shared Written Blocks": 0,
                "Local Hit Blocks": 0,
                "Local Read Blocks": 0,
                "Local Dirtied Blocks": 0,
                "Local Written Blocks": 0,
                "Temp Read Blocks": 0,
                "Temp Written Blocks": 0,
                "Workers": [
                  {
                    "Worker Number": 0,
                    "Actual Startup Time": 0.052,
                    "Actual Total Time": 1.043,
                    "Actual Rows": 377,
                    "Actual Loops": 1,
                    "Shared Hit Blocks": 223,
                    "Shared Read Blocks": 0,
                    "Shared Dirtied Blocks": 0,
                    "Shared Written Blocks": 0,
                    "Local Hit Blocks": 0,
                    "Local Read Blocks": 0,
                    "Local Dirtied Blocks": 0,
                    "Local Written Blocks": 0,
                    "Temp Read Blocks": 0,
                    "Temp Written Blocks": 0
                  },
                  {
                    "Worker Number": 1,
                    "Actual Startup Time": 0.052,
                    "Actual Total Time": 1.043,
                    "Actual Rows": 377,
                    "Actual Loops": 1,
                    "Shared Hit Blocks": 223,
                    "Shared Read Blocks": 0,
                    "Shared Dirtied Blocks": 0,
                    "Shared Written Blocks": 0,
                    "Local Hit Blocks": 0,
                    "Local Read Blocks": 0,
                    "Local Dirtied Blocks": 0,
                    "Local Written Blocks": 0,
                    "Temp Read Blocks": 0,
                    "Temp Written Blocks": 0
                  }
                ],
                "Plans": [
                  {
                    "Node Type": "Seq Scan",
                    "Parent Relationship": "Outer",
                    "Parallel Aware": false,
                    "Async Capable": false,
                    "Relation Name": "supplier",
                    "Schema": "public",
                    "Alias": "supplier",
                    "Startup Cost": 0.0,
                    "Total Cost": 322.0,
                    "Plan Rows": 10000,
                    "Plan Width": 40,
                    "Actual Startup Time": 0.014,
                    "Actual Total Time": 0.408,
                    "Actual Rows": 10000,
                    "Actual Loops": 3,
                    "Output": [
                      "supplier.s_suppkey",
                      "supplier.s_name",
                      "supplier.s_address",
                      "supplier.s_nationkey",
                      "supplier.s_phone",
                      "supplier.s_acctbal",
                      "supplier.s_comment"
                    ],
                    "Shared Hit Blocks": 666,
                    "Shared Read Blocks": 0,
                    "Shared Dirtied Blocks": 0,
                    "Shared Written Blocks": 0,
                    "Local Hit Blocks": 0,
                    "Local Read Blocks": 0,
                    "Local Dirtied Blocks": 0,
                    "Local Written Blocks": 0,
                    "Temp Read Blocks": 0,
                    "Temp Written Blocks": 0,
                    "Workers": [
                      {
                        "Worker Number": 0,
                        "Actual Startup Time": 0.02,
                        "Actual Total Time": 0.439,
                        "Actual Rows": 10000,
                        "Actual Loops": 1,
                        "Shared Hit Blocks": 222,
                        "Shared Read Blocks": 0,
                        "Shared Dirtied Blocks": 0,
                        "Shared Written Blocks": 0,
                        "Local Hit Blocks": 0,
                        "Local Read Blocks": 0,
                        "Local Dirtied Blocks": 0,
                        "Local Written Blocks": 0,
                        "Temp Read Blocks": 0,
                        "Temp Written Blocks": 0
                      },
                      {
                        "Worker Number": 1,
                        "Actual Startup Time": 0.02,
                        "Actual Total Time": 0.442,
                        "Actual Rows": 10000,
                        "Actual Loops": 1,
                        "Shared Hit Blocks": 222,
                        "Shared Read Blocks": 0,
                        "Shared Dirtied Blocks": 0,
                        "Shared Written Blocks": 0,
                        "Local Hit Blocks": 0,
                        "Local Read Blocks": 0,
                        "Local Dirtied Blocks": 0,
                        "Local Written Blocks": 0,
                        "Temp Read Blocks": 0,
                        "Temp Written Blocks": 0
                      }
                    ]
                  },
                  {
                    "Node Type": "Hash",
                    "Parent Relationship": "Inner",
                    "Parallel Aware": false,
                    "Async Capable": false,
                    "Startup Cost": 12.12,
                    "Total Cost": 12.12,
                    "Plan Rows": 1,
                    "Plan Width": 4,
                    "Actual Startup Time": 0.018,
                    "Actual Total Time": 0.019,
                    "Actual Rows": 1,
                    "Actual Loops": 3,
                    "Output": [
                      "nation.n_nationkey"
                    ],
                    "Hash Buckets": 1024,
                    "Original Hash Buckets": 1024,
                    "Hash Batches": 1,
                    "Original Hash Batches": 1,
                    "Peak Memory Usage": 9,
                    "Shared Hit Blocks": 3,
                    "Shared Read Blocks": 0,
                    "Shared Dirtied Blocks": 0,
                    "Shared Written Blocks": 0,
                    "Local Hit Blocks": 0,
                    "Local Read Blocks": 0,
                    "Local Dirtied Blocks": 0,
                    "Local Written Blocks": 0,
                    "Temp Read Blocks": 0,
                    "Temp Written Blocks": 0,
                    "Workers": [
                      {
                        "Worker Number": 0,
                        "Actual Startup Time": 0.025,
                        "Actual Total Time": 0.026,
                        "Actual Rows": 1,
                        "Actual Loops": 1,
                        "Shared Hit Blocks": 1,
                        "Shared Read Blocks": 0,
                        "Shared Dirtied Blocks": 0,
                        "Shared Written Blocks": 0,
                        "Local Hit Blocks": 0,
                        "Local Read Blocks": 0,
                        "Local Dirtied Blocks": 0,
                        "Local Written Blocks": 0,
                        "Temp Read Blocks": 0,
                        "Temp Written Blocks": 0
                      },
                      {
                        "Worker Number": 1,
                        "Actual Startup Time": 0.025,
                        "Actual Total Time": 0.026,
                        "Actual Rows": 1,
                        "Actual Loops": 1,
                        "Shared Hit Blocks": 1,
                        "Shared Read Blocks": 0,
                        "Shared Dirtied Blocks": 0,
                        "Shared Written Blocks": 0,
                        "Local Hit Blocks": 0,
                        "Local Read Blocks": 0,
                        "Local Dirtied Blocks": 0,
                        "Local Written Blocks": 0,
                        "Temp Read Blocks": 0,
                        "Temp Written Blocks": 0
                      }
                    ],
                    "Plans": [
                      {
                        "Node Type": "Seq Scan",
                        "Parent Relationship": "Outer",
                        "Parallel Aware": false,
                        "Async Capable": false,
                        "Relation Name": "nation",
                        "Schema": "public",
                        "Alias": "nation",
                        "Startup Cost": 0.0,
                        "Total Cost": 12.12,
                        "Plan Rows": 1,
                        "Plan Width": 4,
                        "Actual Startup Time": 0.016,
                        "Actual Total Time": 0.016,
                        "Actual Rows": 1,
                        "Actual Loops": 3,
                        "Output": [
                          "nation.n_nationkey"
                        ],
                        "Filter": "(nation.n_name = 'JAPAN'::bpchar)",
                        "Rows Removed by Filter": 24,
                        "Shared Hit Blocks": 3,
                        "Shared Read Blocks": 0,
                        "Shared Dirtied Blocks": 0,
                        "Shared Written Blocks": 0,
                        "Local Hit Blocks": 0,
                        "Local Read Blocks": 0,
                        "Local Dirtied Blocks": 0,
                        "Local Written Blocks": 0,
                        "Temp Read Blocks": 0,
                        "Temp Written Blocks": 0,
                        "Workers": [
                          {
                            "Worker Number": 0,
                            "Actual Startup Time": 0.022,
                            "Actual Total Time": 0.022,
                            "Actual Rows": 1,
                            "Actual Loops": 1,
                            "Shared Hit Blocks": 1,
                            "Shared Read Blocks": 0,
                            "Shared Dirtied Blocks": 0,
                            "Shared Written Blocks": 0,
                            "Local Hit Blocks": 0,
                            "Local Read Blocks": 0,
                            "Local Dirtied Blocks": 0,
                            "Local Written Blocks": 0,
                            "Temp Read Blocks": 0,
                            "Temp Written Blocks": 0
                          },
                          {
                            "Worker Number": 1,
                            "Actual Startup Time": 0.022,
                            "Actual Total Time": 0.023,
                            "Actual Rows": 1,
                            "Actual Loops": 1,
                            "Shared Hit Blocks": 1,
                            "Shared Read Blocks": 0,
                            "Shared Dirtied Blocks": 0,
                            "Shared Written Blocks": 0,
                            "Local Hit Blocks": 0,
                            "Local Read Blocks": 0,
                            "Local Dirtied Blocks": 0,
                            "Local Written Blocks": 0,
                            "Temp Read Blocks": 0,
                            "Temp Written Blocks": 0
                          }
                        ]
                      }
                    ]
                  }
                ]
              }
            ]
          }
        ]
      }
    ]
  },
  "Planning": {
    "Shared Hit Blocks": 21,
    "Shared Read Blocks": 0,
    "Shared Dirtied Blocks": 0,
    "Shared Written Blocks": 0,
    "Local Hit Blocks": 0,
    "Local Read Blocks": 0,
    "Local Dirtied Blocks": 0,
    "Local Written Blocks": 0,
    "Temp Read Blocks": 0,
    "Temp Written Blocks": 0
  },
  "Planning Time": 0.125,
  "Triggers": [],
  "Execution Time": 172.36
}