{
  "Plan": {
    "Node Type": "Aggregate",
    "Strategy": "Plain",
    "Partial Mode": "Finalize",
    "Parallel Aware": false,
    "Async Capable": false,
    "Startup Cost": 41569.38,
    "Total Cost": 41569.39,
    "Plan Rows": 1,
    "Plan Width": 8,
    "Actual Startup Time": 218.869,
    "Actual Total Time": 224.279,
    "Actual Rows": 1,
    "Actual Loops": 1,
    "Output": [
      "count(customer.c_name)"
    ],
    "Shared Hit Blocks": 5402,
    "Shared Read Blocks": 24443,
    "Shared Dirtied Blocks": 0,
    "Shared Written Blocks": 0,
    "Local Hit Blocks": 0,
    "Local Read Blocks": 0,
    "Local Dirtied Blocks": 0,
    "Local Written Blocks": 0,
    "Temp Read Blocks": 0,
    "Temp Written Blocks": 0,
    "Plans": [
      {
        "Node Type": "Gather",
        "Parent Relationship": "Outer",
        "Parallel Aware": false,
        "Async Capable": false,
        "Startup Cost": 41569.17,
        "Total Cost": 41569.38,
        "Plan Rows": 2,
        "Plan Width": 8,
        "Actual Startup Time": 218.356,
        "Actual Total Time": 224.274,
        "Actual Rows": 3,
        "Actual Loops": 1,
        "Output": [
          "(PARTIAL count(customer.c_name))"
        ],
        "Workers Planned": 2,
        "Workers Launched": 2,
        "Single Copy": false,
        "Shared Hit Blocks": 5402,
        "Shared Read Blocks": 24443,
        "Shared Dirtied Blocks": 0,
        "Shared Written Blocks": 0,
        "Local Hit Blocks": 0,
        "Local Read Blocks": 0,
        "Local Dirtied Blocks": 0,
        "Local Written Blocks": 0,
        "Temp Read Blocks": 0,
        "Temp Written Blocks": 0,
        "Plans": [
          {
            "Node Type": "Aggregate",
            "Strategy": "Plain",
            "Partial Mode": "Partial",
            "Parent Relationship": "Outer",
            "Parallel Aware": false,
            "Async Capable": false,
            "Startup Cost": 40569.17,
            "Total Cost": 40569.18,
            "Plan Rows": 1,
            "Plan Width": 8,
            "Actual Startup Time": 202.026,
            "Actual Total Time": 202.03,
            "Actual Rows": 1,
            "Actual Loops": 3,
            "Output": [
              "PARTIAL count(customer.c_name)"
            ],
            "Shared Hit Blocks": 5402,
            "Shared Read Blocks": 24443,
            "Shared Dirtied Blocks": 0,
            "Shared Written Blocks": 0,
            "Local Hit Blocks": 0,
            "Local Read Blocks": 0,
            "Local Dirtied Blocks": 0,
            "Local Written Blocks": 0,
            "Temp Read Blocks": 0,
            "Temp Written Blocks": 0,
            "Workers": [
              {
                "Worker Number": 0,
                "Actual Startup Time": 193.56,
                "Actual Total Time": 193.565,
                "Actual Rows": 1,
                "Actual Loops": 1,
                "Shared Hit Blocks": 1150,
                "Shared Read Blocks": 8139,
                "Shared Dirtied Blocks": 0,
                "Shared Written Blocks": 0,
                "Local Hit Blocks": 0,
                "Local Read Blocks": 0,
                "Local Dirtied Blocks": 0,
                "Local Written Blocks": 0,
                "Temp Read Blocks": 0,
                "Temp Written Blocks": 0
              },
              {
                "Worker Number": 1,
                "Actual Startup Time": 194.515,
                "Actual Total Time": 194.518,
                "Actual Rows": 1,
                "Actual Loops": 1,
                "Shared Hit Blocks": 1235,
                "Shared Read Blocks": 8160,
                "Shared Dirtied Blocks": 0,
                "Shared Written Blocks": 0,
                "Local Hit Blocks": 0,
                "Local Read Blocks": 0,
                "Local Dirtied Blocks": 0,
                "Local Written Blocks": 0,
                "Temp Read Blocks": 0,
                "Temp Written Blocks": 0
              }
            ],
            "Plans": [
              {
                "Node Type": "Hash Join",
                "Parent Relationship": "Outer",
                "Parallel Aware": true,
                "Async Capable": false,
                "Join Type": "Inner",
                "Startup Cost": 4732.49,
                "Total Cost": 40138.7,
                "Plan Rows": 172188,
                "Plan Width": 19,
                "Actual Startup Time": 18.841,
                "Actual Total Time": 191.277,
                "Actual Rows": 245937,
                "Actual Loops": 3,
                "Output": [
                  "customer.c_name"
                ],
                "Inner Unique": false,
                "Hash Cond": "(orders.o_custkey = customer.c_custkey)",
                "Shared Hit Blocks": 5402,
                "Shared Read Blocks": 24443,
                "Shared Dirtied Blocks": 0,
                "Shared Written Blocks": 0,
                "Local Hit Blocks": 0,
                "Local Read Blocks": 0,
                "Local Dirtied Blocks": 0,
                "Local Written Blocks": 0,
                "Temp Read Blocks": 0,
                "Temp Written Blocks": 0,
                "Workers": [
                  {
                    "Worker Number": 0,
                    "Actual Startup Time": 10.71,
                    "Actual Total Time": 182.913,
                    "Actual Rows": 245286,
                    "Actual Loops": 1,
                    "Shared Hit Blocks": 1150,
                    "Shared Read Blocks": 8139,
                    "Shared Dirtied Blocks": 0,
                    "Shared Written Blocks": 0,
                    "Local Hit Blocks": 0,
                    "Local Read Blocks": 0,
                    "Local Dirtied Blocks": 0,
                    "Local Written Blocks": 0,
                    "Temp Read Blocks": 0,
                    "Temp Written Blocks": 0
                  },
                  {
                    "Worker Number": 1,
                    "Actual Startup Time": 11.298,
                    "Actual Total Time": 183.813,
                    "Actual Rows": 246599,
                    "Actual Loops": 1,
                    "Shared Hit Blocks": 1235,
                    "Shared Read Blocks": 8160,
                    "Shared Dirtied Blocks": 0,
                    "Shared Written Blocks": 0,
                    "Local Hit Blocks": 0,
                    "Local Read Blocks": 0,
                    "Local Dirtied Blocks": 0,
                    "Local Written Blocks": 0,
                    "Temp Read Blocks": 0,
                    "Temp Written Blocks": 0
                  }
                ],
                "Plans": [
                  {
                    "Node Type": "Seq Scan",
                    "Parent Relationship": "Outer",
                    "Parallel Aware": true,
                    "Async Capable": false,
                    "Relation Name": "orders",
                    "Schema": "public",
                    "Alias": "orders",
                    "Startup Cost": 0.0,
                    "Total Cost": 32345.0,
                    "Plan Rows": 625000,
                    "Plan Width": 4,
                    "Actual Startup Time": 0.388,
                    "Actual Total Time": 72.022,
                    "Actual Rows": 500000,
                    "Actual Loops": 3,
                    "Output": [
                      "orders.o_orderkey",
                      "orders.o_custkey",
                      "orders.o_orderstatus",
                      "orders.o_totalprice",
                      "orders.o_orderdate",
                      "orders.o_orderpriority",
                      "orders.o_clerk",
                      "orders.o_shippriority",
                      "orders.o_comment"
                    ],
                    "Shared Hit Blocks": 1652,
                    "Shared Read Blocks": 24443,
                    "Shared Dirtied Blocks": 0,
                    "Shared Written Blocks": 0,
                    "Local Hit Blocks": 0,
                    "Local Read Blocks": 0,
                    "Local Dirtied Blocks": 0,
                    "Local Written Blocks": 0,
                    "Temp Read Blocks": 0,
                    "Temp Written Blocks": 0,
                    "Workers": [
                      {
                        "Worker Number": 0,
                        "Actual Startup Time": 0.68,
                        "Actual Total Time": 71.874,
                        "Actual Rows": 498785,
                        "Actual Loops": 1,
                        "Shared Hit Blocks": 538,
                        "Shared Read Blocks": 8139,
                        "Shared Dirtied Blocks": 0,
                        "Shared Written Blocks": 0,
                        "Local Hit Blocks": 0,
                        "Local Read Blocks": 0,
                        "Local Dirtied Blocks": 0,
                        "Local Written Blocks": 0,
                        "Temp Read Blocks": 0,
                        "Temp Written Blocks": 0
                      },
                      {
                        "Worker Number": 1,
                        "Actual Startup Time": 0.411,
                        "Actual Total Time": 71.803,
                        "Actual Rows": 501639,
                        "Actual Loops": 1,
                        "Shared Hit Blocks": 566,
                        "Shared Read Blocks": 8160,
                        "Shared Dirtied Blocks": 0,
                        "Shared Written Blocks": 0,
                        "Local Hit Blocks": 0,
                        "Local Read Blocks": 0,
                        "Local Dirtied Blocks": 0,
                        "Local Written Blocks": 0,
                        "Temp Read Blocks": 0,
                        "Temp Written Blocks": 0
                      }
                    ]
                  },
                  {
                    "Node Type": "Hash",
                    "Parent Relationship": "Inner",
                    "Parallel Aware": true,
                    "Async Capable": false,
                    "Startup Cost": 4517.25,
                    "Total Cost": 4517.25,
                    "Plan Rows": 17219,
                    "Plan Width": 23,
                    "Actual Startup Time": 18.257,
                    "Actual Total Time": 18.26,
                    "Actual Rows": 24581,
                    "Actual Loops": 3,
                    "Output": [
                      "customer.c_name",
                      "customer.c_custkey"
                    ],
                    "Hash Buckets": 131072,
                    "Original Hash Buckets": 65536,
                    "Hash Batches": 1,
                    "Original Hash Batches": 1,
                    "Peak Memory Usage": 5600,
                    "Shared Hit Blocks": 3588,
                    "Shared Read Blocks": 0,
                    "Shared Dirtied Blocks": 0,
                    "Shared Written Blocks": 0,
                    "Local Hit Blocks": 0,
                    "Local Read Blocks": 0,
                    "Local Dirtied Blocks": 0,
                    "Local Written Blocks": 0,
                    "Temp Read Blocks": 0,
                    "Temp Written Blocks": 0,
                    "Workers": [
                      {
                        "Worker Number": 0,
                        "Actual Startup Time": 9.868,
                        "Actual Total Time": 9.871,
                        "Actual Rows": 10861,
                        "Actual Loops": 1,
                        "Shared Hit Blocks": 531,
                        "Shared Read Blocks": 0,
                        "Shared Dirtied Blocks": 0,
                        "Shared Written Blocks": 0,
                        "Local Hit Blocks": 0,
                        "Local Read Blocks": 0,
                        "Local Dirtied Blocks": 0,
                        "Local Written Blocks": 0,
                        "Temp Read Blocks": 0,
                        "Temp Written Blocks": 0
                      },
                      {
                        "Worker Number": 1,
                        "Actual Startup Time": 10.706,
                        "Actual Total Time": 10.709,
                        "Actual Rows": 12089,
                        "Actual Loops": 1,
                        "Shared Hit Blocks": 588,
                        "Shared Read Blocks": 0,
                        "Shared Dirtied Blocks": 0,
                        "Shared Written Blocks": 0,
                        "Local Hit Blocks": 0,
                        "Local Read Blocks": 0,
                        "Local Dirtied Blocks": 0,
                        "Local Written Blocks": 0,
                        "Temp Read Blocks": 0,
                        "Temp Written Blocks": 0
                      }
                    ],
                    "Plans": [
                      {
                        "Node Type": "Hash Join",
                        "Parent Relationship": "Outer",
                        "Parallel Aware": false,
                        "Async Capable": false,
                        "Join Type": "Inner",
                        "Startup Cost": 12.84,
                        "Total Cost": 4517.25,
                        "Plan Rows": 17219,
                        "Plan Width": 23,
                        "Actual Startup Time": 0.205,
                        "Actual Total Time": 13.373,
                        "Actual Rows": 24581,
                        "Actual Loops": 3,
                        "Output": [
                          "customer.c_name",
                          "customer.c_custkey"
                        ],
                        "Inner Unique": true,
                        "Hash Cond": "(customer.c_nationkey = nation.n_nationkey)",
                        "Shared Hit Blocks": 3588,
                        "Shared Read Blocks": 0,
                        "Shared Dirtied Blocks": 0,
                        "Shared Written Blocks": 0,
                        "Local Hit Blocks": 0,
                        "Local Read Blocks": 0,
                        "Local Dirtied Blocks": 0,
                        "Local Written Blocks": 0,
                        "Temp Read Blocks": 0,
                        "Temp Written Blocks": 0,
                        "Workers": [
                          {
                            "Worker Number": 0,
                            "Actual Startup Time": 0.202,
                            "Actual Total Time": 7.002,
                            "Actual Rows": 10861,
                            "Actual Loops": 1,
                            "Shared Hit Blocks": 531,
                            "Shared Read Blocks": 0,
                            "Shared Dirtied Blocks": 0,
                            "Shared Written Blocks": 0,
                            "Local Hit Blocks": 0,
                            "Local Read Blocks": 0,
                            "Local Dirtied Blocks": 0,
                            "Local Written Blocks": 0,
                            "Temp Read Blocks": 0,
                            "Temp Written Blocks": 0
                          },
                          {
                            "Worker Number": 1,
                            "Actual Startup Time": 0.381,
                            "Actual Total Time": 7.839,
                            "Actual Rows": 12089,
                            "Actual Loops": 1,
                            "Shared Hit Blocks": 588,
                            "Shared Read Blocks": 0,
                            "Shared Dirtied Blocks": 0,
                            "Shared Written Blocks": 0,
                            "Local Hit Blocks": 0,
                            "Local Read Blocks": 0,
                            "Local Dirtied Blocks": 0,
                            "Local Written Blocks": 0,
                            "Temp Read Blocks": 0,
                            "Temp Written Blocks": 0
                          }
                        ],
                        "Plans": [
                          {
                            "Node Type": "Seq Scan",
                            "Parent Relationship": "Outer",
                            "Parallel Aware": true,
                            "Async Capable": false,
                            "Relation Name": "customer",
                            "Schema": "public",
                            "Alias": "customer",
                            "Startup Cost": 0.0,
                            "Total Cost": 4366.25,
                            "Plan Rows": 51354,
                            "Plan Width": 27,
                            "Actual Startup Time": 0.007,
                            "Actual Total Time": 9.521,
                            "Actual Rows": 40960,
                            "Actual Loops": 3,
                            "Output": [
                              "customer.c_custkey",
                              "customer.c_name",
                              "customer.c_address",
                              "customer.c_nationkey",
                              "customer.c_phone",
                              "customer.c_acctbal",
                              "customer.c_mktsegment",
                              "customer.c_comment"
                            ],
                            "Filter": "(customer.c_acctbal >= '1000'::numeric)",
                            "Rows Removed by Filter": 9040,
                            "Shared Hit Blocks": 3585,
                            "Shared Read Blocks": 0,
                            "Shared Dirtied Blocks": 0,
                            "Shared Written Blocks": 0,
                            "Local Hit Blocks": 0,
                            "Local Read Blocks": 0,
                            "Local Dirtied Blocks": 0,
                            "Local Written Blocks": 0,
                            "Temp Read Blocks": 0,
                            "Temp Written Blocks": 0,
                            "Workers": [
                              {
                                "Worker Number": 0,
                                "Actual Startup Time": 0.009,
                                "Actual Total Time": 5.194,
                                "Actual Rows": 18206,
                                "Actual Loops": 1,
                                "Shared Hit Blocks": 530,
                                "Shared Read Blocks": 0,
                                "Shared Dirtied Blocks": 0,
                                "Shared Written Blocks": 0,
                                "Local Hit Blocks": 0,
                                "Local Read Blocks": 0,
                                "Local Dirtied Blocks": 0,
                                "Local Written Blocks": 0,
                                "Temp Read Blocks": 0,
                                "Temp Written Blocks": 0
                              },
                              {
                                "Worker Number": 1,
                                "Actual Startup Time": 0.009,
                                "Actual Total Time": 5.649,
                                "Actual Rows": 20118,
                                "Actual Loops": 1,
                                "Shared Hit Blocks": 587,
                                "Shared Read Blocks": 0,
                                "Shared Dirtied Blocks": 0,
                                "Shared Written Blocks": 0,
                                "Local Hit Blocks": 0,
                                "Local Read Blocks": 0,
                                "Local Dirtied Blocks": 0,
                                "Local Written Blocks": 0,
                                "Temp Read Blocks": 0,
                                "Temp Written Blocks": 0
                              }
                            ]
                          },
                          {
                            "Node Type": "Hash",
                            "Parent Relationship": "Inner",
                            "Parallel Aware": false,
                            "Async Capable": false,
                            "Startup Cost": 12.13,
                            "Total Cost": 12.13,
                            "Plan Rows": 57,
                            "Plan Width": 4,
                            "Actual Startup Time": 0.191,
                            "Actual Total Time": 0.192,
                            "Actual Rows": 15,
                            "Actual Loops": 3,
                            "Output": [
                              "nation.n_nationkey"
                            ],
                            "Hash Buckets": 1024,
                            "Original Hash Buckets": 1024,
                            "Hash Batches": 1,
                            "Original Hash Batches": 1,
                            "Peak Memory Usage": 9,
                            "Shared Hit Blocks": 3,
                            "Shared Read Blocks": 0,
                            "Shared Dirtied Blocks": 0,
                            "Shared Written Blocks": 0,
                            "Local Hit Blocks": 0,
                            "Local Read Blocks": 0,
                            "Local Dirtied Blocks": 0,
                            "Local Written Blocks": 0,
                            "Temp Read Blocks": 0,
                            "Temp Written Blocks": 0,
                            "Workers": [
                              {
                                "Worker Number": 0,
                                "Actual Startup Time": 0.19,
                                "Actual Total Time": 0.191,
                                "Actual Rows": 15,
                                "Actual Loops": 1,
                                "Shared Hit Blocks": 1,
                                "Shared Read Blocks": 0,
                                "Shared Dirtied Blocks": 0,
                                "Shared Written Blocks": 0,
                                "Local Hit Blocks": 0,
                                "Local Read Blocks": 0,
                                "Local Dirtied Blocks": 0,
                                "Local Written Blocks": 0,
                                "Temp Read Blocks": 0,
                                "Temp Written Blocks": 0
                              },
                              {
                                "Worker Number": 1,
                                "Actual Startup Time": 0.367,
                                "Actual Total Time": 0.368,
                                "Actual Rows": 15,
                                "Actual Loops": 1,
                                "Shared Hit Blocks": 1,
                                "Shared Read Blocks": 0,
                                "Shared Dirtied Blocks": 0,
                                "Shared Written Blocks": 0,
                                "Local Hit Blocks": 0,
                                "Local Read Blocks": 0,
                                "Local Dirtied Blocks": 0,
                                "Local Written Blocks": 0,
                                "Temp Read Blocks": 0,
                                "Temp Written Blocks": 0
                              }
                            ],
                            "Plans": [
                              {
                                "Node Type": "Seq Scan",
                                "Parent Relationship": "Outer",
                                "Parallel Aware": false,
                                "Async Capable": false,
                                "Relation Name": "nation",
                                "Schema": "public",
                                "Alias": "nation",
                                "Startup Cost": 0.0,
                                "Total Cost": 12.13,
                                "Plan Rows": 57,
                                "Plan Width": 4,
                                "Actual Startup Time": 0.183,
                                "Actual Total Time": 0.184,
                                "Actual Rows": 15,
                                "Actual Loops": 3,
                                "Output": [
                                  "nation.n_nationkey"
                                ],
                                "Filter": "(nation.n_nationkey >= 10)",
                                "Rows Removed by Filter": 10,
                                "Shared Hit Blocks": 3,
                                "Shared Read Blocks": 0,
                                "Shared Dirtied Blocks": 0,
                                "Shared Written Blocks": 0,
                                "Local Hit Blocks": 0,
                                "Local Read Blocks": 0,
                                "Local Dirtied Blocks": 0,
                                "Local Written Blocks": 0,
                                "Temp Read Blocks": 0,
                                "Temp Written Blocks": 0,
                                "Workers": [
                                  {
                                    "Worker Number": 0,
                                    "Actual Startup Time": 0.182,
                                    "Actual Total Time": 0.184,
                                    "Actual Rows": 15,
                                    "Actual Loops": 1,
                                    "Shared Hit Blocks": 1,
                                    "Shared Read Blocks": 0,
                                    "Shared Dirtied Blocks": 0,
                                    "Shared Written Blocks": 0,
                                    "Local Hit Blocks": 0,
                                    "Local Read Blocks": 0,
                                    "Local Dirtied Blocks": 0,
                                    "Local Written Blocks": 0,
                                    "Temp Read Blocks": 0,
                                    "Temp Written Blocks": 0
                                  },
                                  {
                                    "Worker Number": 1,
                                    "Actual Startup Time": 0.358,
                                    "Actual Total Time": 0.36,
                                    "Actual Rows": 15,
                                    "Actual Loops": 1,
                                    "Shared Hit Blocks": 1,
                                    "Shared Read Blocks": 0,
                                    "Shared Dirtied Blocks": 0,
                                    "Shared Written Blocks": 0,
                                    "Local Hit Blocks": 0,
                                    "Local Read Blocks": 0,
                                    "Local Dirtied Blocks": 0,
                                    "Local Written Blocks": 0,
                                    "Temp Read Blocks": 0,
                                    "Temp Written Blocks": 0
                                  }
                                ]
                              }
                            ]
                          }
                        ]
                      }
                    ]
                  }
                ]
              }
            ]
          }
        ]
      }
    ]
  },
  "Planning": {
    "Shared Hit Blocks": 42,
    "Shared Read Blocks": 0,
    "Shared Dirtied Blocks": 0,
    "Shared Written Blocks": 0,
    "Local Hit Blocks": 0,
    "Local Read Blocks": 0,
    "Local Dirtied Blocks": 0,
    "Local Written Blocks": 0,
    "Temp Read Blocks": 0,
    "Temp Written Blocks": 0
  },
  "Planning Time": 1.404,
  "Triggers": [],
  "Execution Time": 224.308
}