{
  "Plan": {
    "Node Type": "Nested Loop",
    "Parallel Aware": false,
    "Async Capable": false,
    "Join Type": "Inner",
    "Startup Cost": 1.56,
    "Total Cost": 343.96,
    "Plan Rows": 4,
    "Plan Width": 12,
    "Actual Startup Time": 0.521,
    "Actual Total Time": 2.451,
    "Actual Rows": 7,
    "Actual Loops": 1,
    "Output": [
      "orders.o_orderkey",
      "customer.c_nationkey",
      "supplier.s_nationkey"
    ],
    "Inner Unique": true,
    "Join Filter": "(customer.c_nationkey = supplier.s_nationkey)",
    "Rows Removed by Join Filter": 98,
    "Shared Hit Blocks": 455,
    "Shared Read Blocks": 54,
    "Shared Dirtied Blocks": 0,
    "Shared Written Blocks": 0,
    "Local Hit Blocks": 0,
    "Local Read Blocks": 0,
    "Local Dirtied Blocks": 0,
    "Local Written Blocks": 0,
    "Temp Read Blocks": 0,
    "Temp Written Blocks": 0,
    "Plans": [
      {
        "Node Type": "Nested Loop",
        "Parent Relationship": "Outer",
        "Parallel Aware": false,
        "Async Capable": false,
        "Join Type": "Inner",
        "Startup Cost": 1.28,
        "Total Cost": 314.96,
        "Plan Rows": 92,
        "Plan Width": 12,
        "Actual Startup Time": 0.372,
        "Actual Total Time": 2.131,
        "Actual Rows": 105,
        "Actual Loops": 1,
        "Output": [
          "orders.o_orderkey",
          "customer.c_nationkey",
          "lineitem.l_suppkey"
        ],
        "Inner Unique": false,
        "Shared Hit Blocks": 166,
        "Shared Read Blocks": 28,
        "Shared Dirtied Blocks": 0,
        "Shared Written Blocks": 0,
        "Local Hit Blocks": 0,
        "Local Read Blocks": 0,
        "Local Dirtied Blocks": 0,
        "Local Written Blocks": 0,
        "Temp Read Blocks": 0,
        "Temp Written Blocks": 0,
        "Plans": [
          {
            "Node Type": "Nested Loop",
            "Parent Relationship": "Outer",
            "Parallel Aware": false,
            "Async Capable": false,
            "Join Type": "Inner",
            "Startup Cost": 0.85,
            "Total Cost": 202.89,
            "Plan Rows": 23,
            "Plan Width": 8,
            "Actual Startup Time": 0.363,
            "Actual Total Time": 2.084,
            "Actual Rows": 27,
            "Actual Loops": 1,
            "Output": [
              "orders.o_orderkey",
              "customer.c_nationkey"
            ],
            "Inner Unique": true,
            "Shared Hit Blocks": 84,
            "Shared Read Blocks": 28,
            "Shared Dirtied Blocks": 0,
            "Shared Written Blocks": 0,
            "Local Hit Blocks": 0,
            "Local Read Blocks": 0,
            "Local Dirtied Blocks": 0,
            "Local Written Blocks": 0,
            "Temp Read Blocks": 0,
            "Temp Written Blocks": 0,
            "Plans": [
              {
                "Node Type": "Index Scan",
                "Parent Relationship": "Outer",
                "Parallel Aware": false,
                "Async Capable": false,
                "Scan Direction": "Forward",
                "Index Name": "orders_pkey",
                "Relation Name": "orders",
                "Schema": "public",
                "Alias": "orders",
                "Startup Cost": 0.43,
                "Total Cost": 8.83,
                "Plan Rows": 23,
                "Plan Width": 8,
                "Actual Startup Time": 0.005,
                "Actual Total Time": 0.009,
                "Actual Rows": 27,
                "Actual Loops": 1,
                "Output": [
                  "orders.o_orderkey",
                  "orders.o_custkey",
                  "orders.o_orderstatus",
                  "orders.o_totalprice",
                  "orders.o_orderdate",
                  "orders.o_orderpriority",
                  "orders.o_clerk",
                  "orders.o_shippriority",
                  "orders.o_comment"
                ],
                "Index Cond": "(orders.o_orderkey < 100)",
                "Rows Removed by Index Recheck": 0,
                "Shared Hit Blocks": 3,
                "Shared Read Blocks": 1,
                "Shared Dirtied Blocks": 0,
                "Shared Written Blocks": 0,
                "Local Hit Blocks": 0,
                "Local Read Blocks": 0,
                "Local Dirtied Blocks": 0,
                "Local Written Blocks": 0,
                "Temp Read Blocks": 0,
                "Temp Written Blocks": 0
              },
              {
                "Node Type": "Index Scan",
                "Parent Relationship": "Inner",
                "Parallel Aware": false,
                "Async Capable": false,
                "Scan Direction": "Forward",
                "Index Name": "customer_pkey",
                "Relation Name": "customer",
                "Schema": "public",
                "Alias": "customer",
                "Startup Cost": 0.42,
                "Total Cost": 8.44,
                "Plan Rows": 1,
                "Plan Width": 8,
                "Actual Startup Time": 0.077,
                "Actual Total Time": 0.077,
                "Actual Rows": 1,
                "Actual Loops": 27,
                "Output": [
                  "customer.c_custkey",
                  "customer.c_name",
                  "customer.c_address",
                  "customer.c_nationkey",
                  "customer.c_phone",
                  "customer.c_acctbal",
                  "customer.c_mktsegment",
                  "customer.c_comment"
                ],
                "Index Cond": "(customer.c_custkey = orders.o_custkey)",
                "Rows Removed by Index Recheck": 0,
                "Shared Hit Blocks": 81,
                "Shared Read Blocks": 27,
                "Shared Dirtied Blocks": 0,
                "Shared Written Blocks": 0,
                "Local Hit Blocks": 0,
                "Local Read Blocks": 0,
                "Local Dirtied Blocks": 0,
                "Local Written Blocks": 0,
                "Temp Read Blocks": 0,
                "Temp Written Blocks": 0
              }
            ]
          },
          {
            "Node Type": "Index Only Scan",
            "Parent Relationship": "Inner",
            "Parallel Aware": false,
            "Async Capable": false,
            "Scan Direction": "Forward",
            "Index Name": "lineitem_pkey",
            "Relation Name": "lineitem",
            "Schema": "public",
            "Alias": "lineitem",
            "Startup Cost": 0.43,
            "Total Cost": 4.71,
            "Plan Rows": 16,
            "Plan Width": 8,
            "Actual Startup Time": 0.001,
            "Actual Total Time": 0.001,
            "Actual Rows": 4,
            "Actual Loops": 27,
            "Output": [
              "lineitem.l_orderkey",
              "lineitem.l_partkey",
              "lineitem.l_suppkey",
              "lineitem.l_linenumber"
            ],
            "Index Cond": "(lineitem.l_orderkey = orders.o_orderkey)",
            "Rows Removed by Index Recheck": 0,
            "Heap Fetches": 0,
            "Shared Hit Blocks": 82,
            "Shared Read Blocks": 0,
            "Shared Dirtied Blocks": 0,
            "Shared Written Blocks": 0,
            "Local Hit Blocks": 0,
            "Local Read Blocks": 0,
            "Local Dirtied Blocks": 0,
            "Local Written Blocks": 0,
            "Temp Read Blocks": 0,
            "Temp Written Blocks": 0
          }
        ]
      },
      {
        "Node Type": "Index Scan",
        "Parent Relationship": "Inner",
        "Parallel Aware": false,
        "Async Capable": false,
        "Scan Direction": "Forward",
        "Index Name": "supplier_key",
        "Relation Name": "supplier",
        "Schema": "public",
        "Alias": "supplier",
        "Startup Cost": 0.29,
        "Total Cost": 0.3,
        "Plan Rows": 1,
        "Plan Width": 8,
        "Actual Startup Time": 0.003,
        "Actual Total Time": 0.003,
        "Actual Rows": 1,
        "Actual Loops": 105,
        "Output": [
          "supplier.s_suppkey",
          "supplier.s_name",
          "supplier.s_address",
          "supplier.s_nationkey",
          "supplier.s_phone",
          "supplier.s_acctbal",
          "supplier.s_comment"
        ],
        "Index Cond": "(supplier.s_suppkey = lineitem.l_suppkey)",
        "Rows Removed by Index Recheck": 0,
        "Shared Hit Blocks": 289,
        "Shared Read Blocks": 26,
        "Shared Dirtied Blocks": 0,
        "Shared Written Blocks": 0,
        "Local Hit Blocks": 0,
        "Local Read Blocks": 0,
        "Local Dirtied Blocks": 0,
        "Local Written Blocks": 0,
        "Temp Read Blocks": 0,
        "Temp Written Blocks": 0
      }
    ]
  },
  "Planning": {
    "Shared Hit Blocks": 64,
    "Shared Read Blocks": 0,
    "Shared Dirtied Blocks": 0,
    "Shared Written Blocks": 0,
    "Local Hit Blocks": 0,
    "Local Read Blocks": 0,
    "Local Dirtied Blocks": 0,
    "Local Written Blocks": 0,
    "Temp Read Blocks": 0,
    "Temp Written Blocks": 0
  },
  "Planning Time": 0.258,
  "Triggers": [],
  "Execution Time": 2.465
}