{"Node Type": "Aggregate", 
 "Strategy": "Plain", 
 "Partial Mode": "Finalize", 
 "Parallel Aware": false, 
 "Async Capable": false, 
 "Startup Cost": 5560.51, 
 "Total Cost": 5560.52, 
 "Plan Rows": 1, 
 "Plan Width": 8, 
 "Actual Startup Time": 32.344, 
 "Actual Total Time": 36.065, 
 "Actual Rows": 1, 
 "Actual Loops": 1, 
 "Output": ["count(customer.c_name)"], 
 "Shared Hit Blocks": 3750, 
 "Shared Read Blocks": 0, 
 "Shared Dirtied Blocks": 0, 
 "Shared Written Blocks": 0, 
 "Local Hit Blocks": 0, 
 "Local Read Blocks": 0, 
 "Local Dirtied Blocks": 0, 
 "Local Written Blocks": 0, 
 "Temp Read Blocks": 0, 
 "Temp Written Blocks": 0, 
 "Plans": [{"Node Type": "Gather", 
            "Parent Relationship": "Outer", 
            "Parallel Aware": false, "Async Capable": false, 
            "Startup Cost": 5560.3, "Total Cost": 5560.51, "Plan Rows": 2, "Plan Width": 8, 
            "Actual Startup Time": 32.247, "Actual Total Time": 36.061, "Actual Rows": 3, "Actual Loops": 1, 
            "Output": ["(PARTIAL count(customer.c_name))"], 
            "Workers Planned": 2, "Workers Launched": 2, "Single Copy": false, 
            "Shared Hit Blocks": 3750, "Shared Read Blocks": 0, "Shared Dirtied Blocks": 0, "Shared Written Blocks": 0, 
            "Local Hit Blocks": 0, "Local Read Blocks": 0, "Local Dirtied Blocks": 0, "Local Written Blocks": 0, 
            "Temp Read Blocks": 0, "Temp Written Blocks": 0, 
            "Plans": [{"Node Type": "Aggregate", 
                        "Strategy": "Plain", "Partial Mode": "Partial", 
                        "Parent Relationship": "Outer", "Parallel Aware": false, "Async Capable": false, 
                        "Startup Cost": 4560.3, "Total Cost": 4560.31, 
                        "Plan Rows": 1, "Plan Width": 8, "Actual Startup Time": 15.829, 
                        "Actual Total Time": 15.831, "Actual Rows": 1, "Actual Loops": 3, 
                        "Output": ["PARTIAL count(customer.c_name)"], 
                        "Shared Hit Blocks": 3750, "Shared Read Blocks": 0, "Shared Dirtied Blocks": 0, "Shared Written Blocks": 0, "Local Hit Blocks": 0, "Local Read Blocks": 0, "Local Dirtied Blocks": 0, "Local Written Blocks": 0, "Temp Read Blocks": 0, "Temp Written Blocks": 0, 
                        "Workers": [{"Worker Number": 0, "Actual Startup Time": 7.696, "Actual Total Time": 7.698, 
                                    "Actual Rows": 1, "Actual Loops": 1, "Shared Hit Blocks": 638, "Shared Read Blocks": 0, 
                                    "Shared Dirtied Blocks": 0, "Shared Written Blocks": 0, "Local Hit Blocks": 0, "Local Read Blocks": 0, 
                                    "Local Dirtied Blocks": 0, "Local Written Blocks": 0, "Temp Read Blocks": 0, "Temp Written Blocks": 0}, 
                                    {"Worker Number": 1, "Actual Startup Time": 7.952, "Actual Total Time": 7.954, "Actual Rows": 1, 
                                    "Actual Loops": 1, "Shared Hit Blocks": 652, "Shared Read Blocks": 0, "Shared Dirtied Blocks": 0, 
                                    "Shared Written Blocks": 0, "Local Hit Blocks": 0, "Local Read Blocks": 0, "Local Dirtied Blocks": 0, 
                                    "Local Written Blocks": 0, "Temp Read Blocks": 0, "Temp Written Blocks": 0}], 
                        "Plans": [{"Node Type": "Hash Join", "Parent Relationship": "Outer", 
                                    "Parallel Aware": false, "Async Capable": false, "Join Type": "Inner", "Startup Cost": 12.84, 
                                    "Total Cost": 4517.25, "Plan Rows": 17219, "Plan Width": 19, "Actual Startup Time": 0.218, 
                                    "Actual Total Time": 14.854, "Actual Rows": 24581, "Actual Loops": 3, 
                                    "Output": ["customer.c_name"], 
                                    "Inner Unique": true, 
                                    "Hash Cond": "(customer.c_nationkey = nation.n_nationkey)", 
                                    "Shared Hit Blocks": 3750, "Shared Read Blocks": 0, "Shared Dirtied Blocks": 0, 
                                    "Shared Written Blocks": 0, "Local Hit Blocks": 0, "Local Read Blocks": 0, 
                                    "Local Dirtied Blocks": 0, "Local Written Blocks": 0, "Temp Read Blocks": 0, 
                                    "Temp Written Blocks": 0, 
                                    "Workers": [{"Worker Number": 0, "Actual Startup Time": 0.301, "Actual Total Time": 7.241, "Actual Rows": 11591, "Actual Loops": 1, "Shared Hit Blocks": 638, "Shared Read Blocks": 0, "Shared Dirtied Blocks": 0, "Shared Written Blocks": 0, "Local Hit Blocks": 0, "Local Read Blocks": 0, "Local Dirtied Blocks": 0, "Local Written Blocks": 0, "Temp Read Blocks": 0, "Temp Written Blocks": 0}, {"Worker Number": 1, "Actual Startup Time": 0.312, "Actual Total Time": 7.504, "Actual Rows": 11635, "Actual Loops": 1, "Shared Hit Blocks": 652, "Shared Read Blocks": 0, "Shared Dirtied Blocks": 0, "Shared Written Blocks": 0, "Local Hit Blocks": 0, "Local Read Blocks": 0, "Local Dirtied Blocks": 0, "Local Written Blocks": 0, "Temp Read Blocks": 0, "Temp Written Blocks": 0}], "Plans": [{"Node Type": "Seq Scan", "Parent Relationship": "Outer", "Parallel Aware": true, "Async Capable": false, "Relation Name": "customer", "Schema": "public", "Alias": "customer", "Startup Cost": 0.0, "Total Cost": 4366.25, "Plan Rows": 51354, "Plan Width": 23, "Actual Startup Time": 0.009, "Actual Total Time": 11.036, "Actual Rows": 40960, "Actual Loops": 3, "Output": ["customer.c_custkey", "customer.c_name", "customer.c_address", "customer.c_nationkey", "customer.c_phone", "customer.c_acctbal", "customer.c_mktsegment", "customer.c_comment"], "Filter": "(customer.c_acctbal >= '1000'::numeric)", "Rows Removed by Filter": 9040, "Shared Hit Blocks": 3585, "Shared Read Blocks": 0, "Shared Dirtied Blocks": 0, "Shared Written Blocks": 0, "Local Hit Blocks": 0, "Local Read Blocks": 0, "Local Dirtied Blocks": 0, "Local Written Blocks": 0, "Temp Read Blocks": 0, "Temp Written Blocks": 0, "Workers": [{"Worker Number": 0, "Actual Startup Time": 0.009, "Actual Total Time": 5.338, "Actual Rows": 19125, "Actual Loops": 1, "Shared Hit Blocks": 556, "Shared Read Blocks": 0, "Shared Dirtied Blocks": 0, "Shared Written Blocks": 0, "Local Hit Blocks": 0, "Local Read Blocks": 0, "Local Dirtied Blocks": 0, "Local Written Blocks": 0, "Temp Read Blocks": 0, "Temp Written Blocks": 0}, {"Worker Number": 1, "Actual Startup Time": 0.01, "Actual Total Time": 5.536, "Actual Rows": 19513, "Actual Loops": 1, "Shared Hit Blocks": 570, "Shared Read Blocks": 0, "Shared Dirtied Blocks": 0, "Shared Written Blocks": 0, "Local Hit Blocks": 0, "Local Read Blocks": 0, "Local Dirtied Blocks": 0, "Local Written Blocks": 0, "Temp Read Blocks": 0, "Temp Written Blocks": 0}]}, {"Node Type": "Hash", "Parent Relationship": "Inner", "Parallel Aware": false, "Async Capable": false, "Startup Cost": 12.13, "Total Cost": 12.13, "Plan Rows": 57, "Plan Width": 4, "Actual Startup Time": 0.114, "Actual Total Time": 0.115, "Actual Rows": 15, "Actual Loops": 3, "Output": ["nation.n_nationkey"], "Hash Buckets": 1024, "Original Hash Buckets": 1024, "Hash Batches": 1, "Original Hash Batches": 1, "Peak Memory Usage": 9, "Shared Hit Blocks": 3, "Shared Read Blocks": 0, "Shared Dirtied Blocks": 0, "Shared Written Blocks": 0, "Local Hit Blocks": 0, "Local Read Blocks": 0, "Local Dirtied Blocks": 0, "Local Written Blocks": 0, "Temp Read Blocks": 0, "Temp Written Blocks": 0, "Workers": [{"Worker Number": 0, "Actual Startup Time": 0.156, "Actual Total Time": 0.157, "Actual Rows": 15, "Actual Loops": 1, "Shared Hit Blocks": 1, "Shared Read Blocks": 0, "Shared Dirtied Blocks": 0, "Shared Written Blocks": 0, "Local Hit Blocks": 0, "Local Read Blocks": 0, "Local Dirtied Blocks": 0, "Local Written Blocks": 0, "Temp Read Blocks": 0, "Temp Written Blocks": 0}, {"Worker Number": 1, "Actual Startup Time": 0.164, "Actual Total Time": 0.166, "Actual Rows": 15, "Actual Loops": 1, "Shared Hit Blocks": 1, "Shared Read Blocks": 0, "Shared Dirtied Blocks": 0, "Shared Written Blocks": 0, "Local Hit Blocks": 0, "Local Read Blocks": 0, "Local Dirtied Blocks": 0, "Local Written Blocks": 0, "Temp Read Blocks": 0, "Temp Written Blocks": 0}], "Plans": [{"Node Type": "Seq Scan", "Parent Relationship": "Outer", "Parallel Aware": false, "Async Capable": false, "Relation Name": "nation", "Schema": "public", "Alias": "nation", "Startup Cost": 0.0, "Total Cost": 12.13, "Plan Rows": 57, "Plan Width": 4, "Actual Startup Time": 0.105, "Actual Total Time": 0.108, "Actual Rows": 15, "Actual Loops": 3, "Output": ["nation.n_nationkey"], "Filter": "(nation.n_nationkey >= 10)", "Rows Removed by Filter": 10, "Shared Hit Blocks": 3, "Shared Read Blocks": 0, "Shared Dirtied Blocks": 0, "Shared Written Blocks": 0, "Local Hit Blocks": 0, "Local Read Blocks": 0, "Local Dirtied Blocks": 0, "Local Written Blocks": 0, "Temp Read Blocks": 0, "Temp Written Blocks": 0, "Workers": [{"Worker Number": 0, "Actual Startup Time": 0.148, "Actual Total Time": 0.149, "Actual Rows": 15, "Actual Loops": 1, "Shared Hit Blocks": 1, "Shared Read Blocks": 0, "Shared Dirtied Blocks": 0, "Shared Written Blocks": 0, "Local Hit Blocks": 0, "Local Read Blocks": 0, "Local Dirtied Blocks": 0, "Local Written Blocks": 0, "Temp Read Blocks": 0, "Temp Written Blocks": 0}, {"Worker Number": 1, "Actual Startup Time": 0.157, "Actual Total Time": 0.158, "Actual Rows": 15, "Actual Loops": 1, "Shared Hit Blocks": 1, "Shared Read Blocks": 0, "Shared Dirtied Blocks": 0, "Shared Written Blocks": 0, "Local Hit Blocks": 0, "Local Read Blocks": 0, "Local Dirtied Blocks": 0, "Local Written Blocks": 0, "Temp Read Blocks": 0, "Temp Written Blocks": 0}]}]}]}]}]}]}