{
  "Plan": {
    "Node Type": "Aggregate",
    "Strategy": "Plain",
    "Partial Mode": "Finalize",
    "Parallel Aware": false,
    "Async Capable": false,
    "Startup Cost": 5560.51,
    "Total Cost": 5560.52,
    "Plan Rows": 1,
    "Plan Width": 8,
    "Actual Startup Time": 34.438,
    "Actual Total Time": 38.358,
    "Actual Rows": 1,
    "Actual Loops": 1,
    "Output": [
      "count(customer.c_name)"
    ],
    "Shared Hit Blocks": 3750,
    "Shared Read Blocks": 0,
    "Shared Dirtied Blocks": 0,
    "Shared Written Blocks": 0,
    "Local Hit Blocks": 0,
    "Local Read Blocks": 0,
    "Local Dirtied Blocks": 0,
    "Local Written Blocks": 0,
    "Temp Read Blocks": 0,
    "Temp Written Blocks": 0,
    "Plans": [
      {
        "Node Type": "Gather",
        "Parent Relationship": "Outer",
        "Parallel Aware": false,
        "Async Capable": false,
        "Startup Cost": 5560.3,
        "Total Cost": 5560.51,
        "Plan Rows": 2,
        "Plan Width": 8,
        "Actual Startup Time": 34.282,
        "Actual Total Time": 38.353,
        "Actual Rows": 3,
        "Actual Loops": 1,
        "Output": [
          "(PARTIAL count(customer.c_name))"
        ],
        "Workers Planned": 2,
        "Workers Launched": 2,
        "Single Copy": false,
        "Shared Hit Blocks": 3750,
        "Shared Read Blocks": 0,
        "Shared Dirtied Blocks": 0,
        "Shared Written Blocks": 0,
        "Local Hit Blocks": 0,
        "Local Read Blocks": 0,
        "Local Dirtied Blocks": 0,
        "Local Written Blocks": 0,
        "Temp Read Blocks": 0,
        "Temp Written Blocks": 0,
        "Plans": [
          {
            "Node Type": "Aggregate",
            "Strategy": "Plain",
            "Partial Mode": "Partial",
            "Parent Relationship": "Outer",
            "Parallel Aware": false,
            "Async Capable": false,
            "Startup Cost": 4560.3,
            "Total Cost": 4560.31,
            "Plan Rows": 1,
            "Plan Width": 8,
            "Actual Startup Time": 16.444,
            "Actual Total Time": 16.445,
            "Actual Rows": 1,
            "Actual Loops": 3,
            "Output": [
              "PARTIAL count(customer.c_name)"
            ],
            "Shared Hit Blocks": 3750,
            "Shared Read Blocks": 0,
            "Shared Dirtied Blocks": 0,
            "Shared Written Blocks": 0,
            "Local Hit Blocks": 0,
            "Local Read Blocks": 0,
            "Local Dirtied Blocks": 0,
            "Local Written Blocks": 0,
            "Temp Read Blocks": 0,
            "Temp Written Blocks": 0,
            "Workers": [
              {
                "Worker Number": 0,
                "Actual Startup Time": 7.436,
                "Actual Total Time": 7.438,
                "Actual Rows": 1,
                "Actual Loops": 1,
                "Shared Hit Blocks": 618,
                "Shared Read Blocks": 0,
                "Shared Dirtied Blocks": 0,
                "Shared Written Blocks": 0,
                "Local Hit Blocks": 0,
                "Local Read Blocks": 0,
                "Local Dirtied Blocks": 0,
                "Local Written Blocks": 0,
                "Temp Read Blocks": 0,
                "Temp Written Blocks": 0
              },
              {
                "Worker Number": 1,
                "Actual Startup Time": 8.073,
                "Actual Total Time": 8.074,
                "Actual Rows": 1,
                "Actual Loops": 1,
                "Shared Hit Blocks": 659,
                "Shared Read Blocks": 0,
                "Shared Dirtied Blocks": 0,
                "Shared Written Blocks": 0,
                "Local Hit Blocks": 0,
                "Local Read Blocks": 0,
                "Local Dirtied Blocks": 0,
                "Local Written Blocks": 0,
                "Temp Read Blocks": 0,
                "Temp Written Blocks": 0
              }
            ],
            "Plans": [
              {
                "Node Type": "Hash Join",
                "Parent Relationship": "Outer",
                "Parallel Aware": false,
                "Async Capable": false,
                "Join Type": "Inner",
                "Startup Cost": 12.84,
                "Total Cost": 4517.25,
                "Plan Rows": 17219,
                "Plan Width": 19,
                "Actual Startup Time": 0.237,
                "Actual Total Time": 15.432,
                "Actual Rows": 24581,
                "Actual Loops": 3,
                "Output": [
                  "customer.c_name"
                ],
                "Inner Unique": true,
                "Hash Cond": "(customer.c_nationkey = nation.n_nationkey)",
                "Shared Hit Blocks": 3750,
                "Shared Read Blocks": 0,
                "Shared Dirtied Blocks": 0,
                "Shared Written Blocks": 0,
                "Local Hit Blocks": 0,
                "Local Read Blocks": 0,
                "Local Dirtied Blocks": 0,
                "Local Written Blocks": 0,
                "Temp Read Blocks": 0,
                "Temp Written Blocks": 0,
                "Workers": [
                  {
                    "Worker Number": 0,
                    "Actual Startup Time": 0.325,
                    "Actual Total Time": 6.991,
                    "Actual Rows": 10857,
                    "Actual Loops": 1,
                    "Shared Hit Blocks": 618,
                    "Shared Read Blocks": 0,
                    "Shared Dirtied Blocks": 0,
                    "Shared Written Blocks": 0,
                    "Local Hit Blocks": 0,
                    "Local Read Blocks": 0,
                    "Local Dirtied Blocks": 0,
                    "Local Written Blocks": 0,
                    "Temp Read Blocks": 0,
                    "Temp Written Blocks": 0
                  },
                  {
                    "Worker Number": 1,
                    "Actual Startup Time": 0.334,
                    "Actual Total Time": 7.587,
                    "Actual Rows": 12081,
                    "Actual Loops": 1,
                    "Shared Hit Blocks": 659,
                    "Shared Read Blocks": 0,
                    "Shared Dirtied Blocks": 0,
                    "Shared Written Blocks": 0,
                    "Local Hit Blocks": 0,
                    "Local Read Blocks": 0,
                    "Local Dirtied Blocks": 0,
                    "Local Written Blocks": 0,
                    "Temp Read Blocks": 0,
                    "Temp Written Blocks": 0
                  }
                ],
                "Plans": [
                  {
                    "Node Type": "Seq Scan",
                    "Parent Relationship": "Outer",
                    "Parallel Aware": true,
                    "Async Capable": false,
                    "Relation Name": "customer",
                    "Schema": "public",
                    "Alias": "customer",
                    "Startup Cost": 0.0,
                    "Total Cost": 4366.25,
                    "Plan Rows": 51354,
                    "Plan Width": 23,
                    "Actual Startup Time": 0.01,
                    "Actual Total Time": 11.624,
                    "Actual Rows": 40960,
                    "Actual Loops": 3,
                    "Output": [
                      "customer.c_custkey",
                      "customer.c_name",
                      "customer.c_address",
                      "customer.c_nationkey",
                      "customer.c_phone",
                      "customer.c_acctbal",
                      "customer.c_mktsegment",
                      "customer.c_comment"
                    ],
                    "Filter": "(customer.c_acctbal >= '1000'::numeric)",
                    "Rows Removed by Filter": 9040,
                    "Shared Hit Blocks": 3585,
                    "Shared Read Blocks": 0,
                    "Shared Dirtied Blocks": 0,
                    "Shared Written Blocks": 0,
                    "Local Hit Blocks": 0,
                    "Local Read Blocks": 0,
                    "Local Dirtied Blocks": 0,
                    "Local Written Blocks": 0,
                    "Temp Read Blocks": 0,
                    "Temp Written Blocks": 0,
                    "Workers": [
                      {
                        "Worker Number": 0,
                        "Actual Startup Time": 0.009,
                        "Actual Total Time": 5.168,
                        "Actual Rows": 18322,
                        "Actual Loops": 1,
                        "Shared Hit Blocks": 536,
                        "Shared Read Blocks": 0,
                        "Shared Dirtied Blocks": 0,
                        "Shared Written Blocks": 0,
                        "Local Hit Blocks": 0,
                        "Local Read Blocks": 0,
                        "Local Dirtied Blocks": 0,
                        "Local Written Blocks": 0,
                        "Temp Read Blocks": 0,
                        "Temp Written Blocks": 0
                      },
                      {
                        "Worker Number": 1,
                        "Actual Startup Time": 0.009,
                        "Actual Total Time": 5.589,
                        "Actual Rows": 19776,
                        "Actual Loops": 1,
                        "Shared Hit Blocks": 577,
                        "Shared Read Blocks": 0,
                        "Shared Dirtied Blocks": 0,
                        "Shared Written Blocks": 0,
                        "Local Hit Blocks": 0,
                        "Local Read Blocks": 0,
                        "Local Dirtied Blocks": 0,
                        "Local Written Blocks": 0,
                        "Temp Read Blocks": 0,
                        "Temp Written Blocks": 0
                      }
                    ]
                  },
                  {
                    "Node Type": "Hash",
                    "Parent Relationship": "Inner",
                    "Parallel Aware": false,
                    "Async Capable": false,
                    "Startup Cost": 12.13,
                    "Total Cost": 12.13,
                    "Plan Rows": 57,
                    "Plan Width": 4,
                    "Actual Startup Time": 0.135,
                    "Actual Total Time": 0.136,
                    "Actual Rows": 15,
                    "Actual Loops": 3,
                    "Output": [
                      "nation.n_nationkey"
                    ],
                    "Hash Buckets": 1024,
                    "Original Hash Buckets": 1024,
                    "Hash Batches": 1,
                    "Original Hash Batches": 1,
                    "Peak Memory Usage": 9,
                    "Shared Hit Blocks": 3,
                    "Shared Read Blocks": 0,
                    "Shared Dirtied Blocks": 0,
                    "Shared Written Blocks": 0,
                    "Local Hit Blocks": 0,
                    "Local Read Blocks": 0,
                    "Local Dirtied Blocks": 0,
                    "Local Written Blocks": 0,
                    "Temp Read Blocks": 0,
                    "Temp Written Blocks": 0,
                    "Workers": [
                      {
                        "Worker Number": 0,
                        "Actual Startup Time": 0.191,
                        "Actual Total Time": 0.192,
                        "Actual Rows": 15,
                        "Actual Loops": 1,
                        "Shared Hit Blocks": 1,
                        "Shared Read Blocks": 0,
                        "Shared Dirtied Blocks": 0,
                        "Shared Written Blocks": 0,
                        "Local Hit Blocks": 0,
                        "Local Read Blocks": 0,
                        "Local Dirtied Blocks": 0,
                        "Local Written Blocks": 0,
                        "Temp Read Blocks": 0,
                        "Temp Written Blocks": 0
                      },
                      {
                        "Worker Number": 1,
                        "Actual Startup Time": 0.191,
                        "Actual Total Time": 0.191,
                        "Actual Rows": 15,
                        "Actual Loops": 1,
                        "Shared Hit Blocks": 1,
                        "Shared Read Blocks": 0,
                        "Shared Dirtied Blocks": 0,
                        "Shared Written Blocks": 0,
                        "Local Hit Blocks": 0,
                        "Local Read Blocks": 0,
                        "Local Dirtied Blocks": 0,
                        "Local Written Blocks": 0,
                        "Temp Read Blocks": 0,
                        "Temp Written Blocks": 0
                      }
                    ],
                    "Plans": [
                      {
                        "Node Type": "Seq Scan",
                        "Parent Relationship": "Outer",
                        "Parallel Aware": false,
                        "Async Capable": false,
                        "Relation Name": "nation",
                        "Schema": "public",
                        "Alias": "nation",
                        "Startup Cost": 0.0,
                        "Total Cost": 12.13,
                        "Plan Rows": 57,
                        "Plan Width": 4,
                        "Actual Startup Time": 0.125,
                        "Actual Total Time": 0.126,
                        "Actual Rows": 15,
                        "Actual Loops": 3,
                        "Output": [
                          "nation.n_nationkey"
                        ],
                        "Filter": "(nation.n_nationkey >= 10)",
                        "Rows Removed by Filter": 10,
                        "Shared Hit Blocks": 3,
                        "Shared Read Blocks": 0,
                        "Shared Dirtied Blocks": 0,
                        "Shared Written Blocks": 0,
                        "Local Hit Blocks": 0,
                        "Local Read Blocks": 0,
                        "Local Dirtied Blocks": 0,
                        "Local Written Blocks": 0,
                        "Temp Read Blocks": 0,
                        "Temp Written Blocks": 0,
                        "Workers": [
                          {
                            "Worker Number": 0,
                            "Actual Startup Time": 0.18,
                            "Actual Total Time": 0.181,
                            "Actual Rows": 15,
                            "Actual Loops": 1,
                            "Shared Hit Blocks": 1,
                            "Shared Read Blocks": 0,
                            "Shared Dirtied Blocks": 0,
                            "Shared Written Blocks": 0,
                            "Local Hit Blocks": 0,
                            "Local Read Blocks": 0,
                            "Local Dirtied Blocks": 0,
                            "Local Written Blocks": 0,
                            "Temp Read Blocks": 0,
                            "Temp Written Blocks": 0
                          },
                          {
                            "Worker Number": 1,
                            "Actual Startup Time": 0.18,
                            "Actual Total Time": 0.181,
                            "Actual Rows": 15,
                            "Actual Loops": 1,
                            "Shared Hit Blocks": 1,
                            "Shared Read Blocks": 0,
                            "Shared Dirtied Blocks": 0,
                            "Shared Written Blocks": 0,
                            "Local Hit Blocks": 0,
                            "Local Read Blocks": 0,
                            "Local Dirtied Blocks": 0,
                            "Local Written Blocks": 0,
                            "Temp Read Blocks": 0,
                            "Temp Written Blocks": 0
                          }
                        ]
                      }
                    ]
                  }
                ]
              }
            ]
          }
        ]
      }
    ]
  },
  "Planning": {
    "Shared Hit Blocks": 204,
    "Shared Read Blocks": 0,
    "Shared Dirtied Blocks": 0,
    "Shared Written Blocks": 0,
    "Local Hit Blocks": 0,
    "Local Read Blocks": 0,
    "Local Dirtied Blocks": 0,
    "Local Written Blocks": 0,
    "Temp Read Blocks": 0,
    "Temp Written Blocks": 0
  },
  "Planning Time": 1.177,
  "Triggers": [],
  "Execution Time": 38.423
}