{
  "Plan": {
    "Node Type": "Aggregate",
    "Strategy": "Sorted",
    "Partial Mode": "Finalize",
    "Parallel Aware": false,
    "Async Capable": false,
    "Startup Cost": 240937.6,
    "Total Cost": 240938.87,
    "Plan Rows": 5,
    "Plan Width": 24,
    "Actual Startup Time": 824.908,
    "Actual Total Time": 841.759,
    "Actual Rows": 5,
    "Actual Loops": 1,
    "Output": [
      "orders.o_orderpriority",
      "count(*)"
    ],
    "Group Key": [
      "orders.o_orderpriority"
    ],
    "Shared Hit Blocks": 11774,
    "Shared Read Blocks": 126866,
    "Shared Dirtied Blocks": 0,
    "Shared Written Blocks": 0,
    "Local Hit Blocks": 0,
    "Local Read Blocks": 0,
    "Local Dirtied Blocks": 0,
    "Local Written Blocks": 0,
    "Temp Read Blocks": 24831,
    "Temp Written Blocks": 25328,
    "Plans": [
      {
        "Node Type": "Gather Merge",
        "Parent Relationship": "Outer",
        "Parallel Aware": false,
        "Async Capable": false,
        "Startup Cost": 240937.6,
        "Total Cost": 240938.77,
        "Plan Rows": 10,
        "Plan Width": 24,
        "Actual Startup Time": 824.903,
        "Actual Total Time": 841.753,
        "Actual Rows": 15,
        "Actual Loops": 1,
        "Output": [
          "orders.o_orderpriority",
          "(PARTIAL count(*))"
        ],
        "Workers Planned": 2,
        "Workers Launched": 2,
        "Shared Hit Blocks": 11774,
        "Shared Read Blocks": 126866,
        "Shared Dirtied Blocks": 0,
        "Shared Written Blocks": 0,
        "Local Hit Blocks": 0,
        "Local Read Blocks": 0,
        "Local Dirtied Blocks": 0,
        "Local Written Blocks": 0,
        "Temp Read Blocks": 24831,
        "Temp Written Blocks": 25328,
        "Plans": [
          {
            "Node Type": "Sort",
            "Parent Relationship": "Outer",
            "Parallel Aware": false,
            "Async Capable": false,
            "Startup Cost": 239937.58,
            "Total Cost": 239937.59,
            "Plan Rows": 5,
            "Plan Width": 24,
            "Actual Startup Time": 823.347,
            "Actual Total Time": 823.358,
            "Actual Rows": 5,
            "Actual Loops": 3,
            "Output": [
              "orders.o_orderpriority",
              "(PARTIAL count(*))"
            ],
            "Sort Key": [
              "orders.o_orderpriority"
            ],
            "Sort Method": "quicksort",
            "Sort Space Used": 25,
            "Sort Space Type": "Memory",
            "Shared Hit Blocks": 11774,
            "Shared Read Blocks": 126866,
            "Shared Dirtied Blocks": 0,
            "Shared Written Blocks": 0,
            "Local Hit Blocks": 0,
            "Local Read Blocks": 0,
            "Local Dirtied Blocks": 0,
            "Local Written Blocks": 0,
            "Temp Read Blocks": 24831,
            "Temp Written Blocks": 25328,
            "Workers": [
              {
                "Worker Number": 0,
                "Actual Startup Time": 822.698,
                "Actual Total Time": 822.699,
                "Actual Rows": 5,
                "Actual Loops": 1,
                "Sort Method": "quicksort",
                "Sort Space Used": 25,
                "Sort Space Type": "Memory",
                "Shared Hit Blocks": 3930,
                "Shared Read Blocks": 42861,
                "Shared Dirtied Blocks": 0,
                "Shared Written Blocks": 0,
                "Local Hit Blocks": 0,
                "Local Read Blocks": 0,
                "Local Dirtied Blocks": 0,
                "Local Written Blocks": 0,
                "Temp Read Blocks": 8236,
                "Temp Written Blocks": 8552
              },
              {
                "Worker Number": 1,
                "Actual Startup Time": 822.593,
                "Actual Total Time": 822.595,
                "Actual Rows": 5,
                "Actual Loops": 1,
                "Sort Method": "quicksort",
                "Sort Space Used": 25,
                "Sort Space Type": "Memory",
                "Shared Hit Blocks": 3900,
                "Shared Read Blocks": 41959,
                "Shared Dirtied Blocks": 0,
                "Shared Written Blocks": 0,
                "Local Hit Blocks": 0,
                "Local Read Blocks": 0,
                "Local Dirtied Blocks": 0,
                "Local Written Blocks": 0,
                "Temp Read Blocks": 8327,
                "Temp Written Blocks": 8384
              }
            ],
            "Plans": [
              {
                "Node Type": "Aggregate",
                "Strategy": "Hashed",
                "Partial Mode": "Partial",
                "Parent Relationship": "Outer",
                "Parallel Aware": false,
                "Async Capable": false,
                "Startup Cost": 239937.47,
                "Total Cost": 239937.52,
                "Plan Rows": 5,
                "Plan Width": 24,
                "Actual Startup Time": 823.33,
                "Actual Total Time": 823.341,
                "Actual Rows": 5,
                "Actual Loops": 3,
                "Output": [
                  "orders.o_orderpriority",
                  "PARTIAL count(*)"
                ],
                "Group Key": [
                  "orders.o_orderpriority"
                ],
                "Planned Partitions": 0,
                "HashAgg Batches": 1,
                "Peak Memory Usage": 24,
                "Disk Usage": 0,
                "Shared Hit Blocks": 11760,
                "Shared Read Blocks": 126866,
                "Shared Dirtied Blocks": 0,
                "Shared Written Blocks": 0,
                "Local Hit Blocks": 0,
                "Local Read Blocks": 0,
                "Local Dirtied Blocks": 0,
                "Local Written Blocks": 0,
                "Temp Read Blocks": 24831,
                "Temp Written Blocks": 25328,
                "Workers": [
                  {
                    "Worker Number": 0,
                    "Actual Startup Time": 822.678,
                    "Actual Total Time": 822.68,
                    "Actual Rows": 5,
                    "Actual Loops": 1,
                    "HashAgg Batches": 1,
                    "Peak Memory Usage": 24,
                    "Disk Usage": 0,
                    "Shared Hit Blocks": 3923,
                    "Shared Read Blocks": 42861,
                    "Shared Dirtied Blocks": 0,
                    "Shared Written Blocks": 0,
                    "Local Hit Blocks": 0,
                    "Local Read Blocks": 0,
                    "Local Dirtied Blocks": 0,
                    "Local Written Blocks": 0,
                    "Temp Read Blocks": 8236,
                    "Temp Written Blocks": 8552
                  },
                  {
                    "Worker Number": 1,
                    "Actual Startup Time": 822.567,
                    "Actual Total Time": 822.569,
                    "Actual Rows": 5,
                    "Actual Loops": 1,
                    "HashAgg Batches": 1,
                    "Peak Memory Usage": 24,
                    "Disk Usage": 0,
                    "Shared Hit Blocks": 3893,
                    "Shared Read Blocks": 41959,
                    "Shared Dirtied Blocks": 0,
                    "Shared Written Blocks": 0,
                    "Local Hit Blocks": 0,
                    "Local Read Blocks": 0,
                    "Local Dirtied Blocks": 0,
                    "Local Written Blocks": 0,
                    "Temp Read Blocks": 8327,
                    "Temp Written Blocks": 8384
                  }
                ],
                "Plans": [
                  {
                    "Node Type": "Hash Join",
                    "Parent Relationship": "Outer",
                    "Parallel Aware": true,
                    "Async Capable": false,
                    "Join Type": "Semi",
                    "Startup Cost": 184785.25,
                    "Total Cost": 239158.48,
                    "Plan Rows": 155799,
                    "Plan Width": 16,
                    "Actual Startup Time": 550.69,
                    "Actual Total Time": 767.796,
                    "Actual Rows": 500000,
                    "Actual Loops": 3,
                    "Output": [
                      "orders.o_orderpriority"
                    ],
                    "Inner Unique": false,
                    "Hash Cond": "(orders.o_orderkey = lineitem.l_orderkey)",
                    "Shared Hit Blocks": 11760,
                    "Shared Read Blocks": 126866,
                    "Shared Dirtied Blocks": 0,
                    "Shared Written Blocks": 0,
                    "Local Hit Blocks": 0,
                    "Local Read Blocks": 0,
                    "Local Dirtied Blocks": 0,
                    "Local Written Blocks": 0,
                    "Temp Read Blocks": 24831,
                    "Temp Written Blocks": 25328,
                    "Workers": [
                      {
                        "Worker Number": 0,
                        "Actual Startup Time": 551.49,
                        "Actual Total Time": 767.447,
                        "Actual Rows": 492554,
                        "Actual Loops": 1,
                        "Shared Hit Blocks": 3923,
                        "Shared Read Blocks": 42861,
                        "Shared Dirtied Blocks": 0,
                        "Shared Written Blocks": 0,
                        "Local Hit Blocks": 0,
                        "Local Read Blocks": 0,
                        "Local Dirtied Blocks": 0,
                        "Local Written Blocks": 0,
                        "Temp Read Blocks": 8236,
                        "Temp Written Blocks": 8552
                      },
                      {
                        "Worker Number": 1,
                        "Actual Startup Time": 546.951,
                        "Actual Total Time": 761.477,
                        "Actual Rows": 508596,
                        "Actual Loops": 1,
                        "Shared Hit Blocks": 3893,
                        "Shared Read Blocks": 41959,
                        "Shared Dirtied Blocks": 0,
                        "Shared Written Blocks": 0,
                        "Local Hit Blocks": 0,
                        "Local Read Blocks": 0,
                        "Local Dirtied Blocks": 0,
                        "Local Written Blocks": 0,
                        "Temp Read Blocks": 8327,
                        "Temp Written Blocks": 8384
                      }
                    ],
                    "Plans": [
                      {
                        "Node Type": "Seq Scan",
                        "Parent Relationship": "Outer",
                        "Parallel Aware": true,
                        "Async Capable": false,
                        "Relation Name": "orders",
                        "Schema": "public",
                        "Alias": "orders",
                        "Startup Cost": 0.0,
                        "Total Cost": 33907.5,
                        "Plan Rows": 624938,
                        "Plan Width": 20,
                        "Actual Startup Time": 0.035,
                        "Actual Total Time": 55.261,
                        "Actual Rows": 500000,
                        "Actual Loops": 3,
                        "Output": [
                          "orders.o_orderpriority",
                          "orders.o_orderkey"
                        ],
                        "Filter": "(orders.o_totalprice > '100'::numeric)",
                        "Rows Removed by Filter": 0,
                        "Shared Hit Blocks": 864,
                        "Shared Read Blocks": 25231,
                        "Shared Dirtied Blocks": 0,
                        "Shared Written Blocks": 0,
                        "Local Hit Blocks": 0,
                        "Local Read Blocks": 0,
                        "Local Dirtied Blocks": 0,
                        "Local Written Blocks": 0,
                        "Temp Read Blocks": 0,
                        "Temp Written Blocks": 0,
                        "Workers": [
                          {
                            "Worker Number": 0,
                            "Actual Startup Time": 0.048,
                            "Actual Total Time": 55.34,
                            "Actual Rows": 499197,
                            "Actual Loops": 1,
                            "Shared Hit Blocks": 283,
                            "Shared Read Blocks": 8399,
                            "Shared Dirtied Blocks": 0,
                            "Shared Written Blocks": 0,
                            "Local Hit Blocks": 0,
                            "Local Read Blocks": 0,
                            "Local Dirtied Blocks": 0,
                            "Local Written Blocks": 0,
                            "Temp Read Blocks": 0,
                            "Temp Written Blocks": 0
                          },
                          {
                            "Worker Number": 1,
                            "Actual Startup Time": 0.044,
                            "Actual Total Time": 55.32,
                            "Actual Rows": 499844,
                            "Actual Loops": 1,
                            "Shared Hit Blocks": 291,
                            "Shared Read Blocks": 8408,
                            "Shared Dirtied Blocks": 0,
                            "Shared Written Blocks": 0,
                            "Local Hit Blocks": 0,
                            "Local Read Blocks": 0,
                            "Local Dirtied Blocks": 0,
                            "Local Written Blocks": 0,
                            "Temp Read Blocks": 0,
                            "Temp Written Blocks": 0
                          }
                        ]
                      },
                      {
                        "Node Type": "Hash",
                        "Parent Relationship": "Inner",
                        "Parallel Aware": true,
                        "Async Capable": false,
                        "Startup Cost": 143761.69,
                        "Total Cost": 143761.69,
                        "Plan Rows": 2500445,
                        "Plan Width": 4,
                        "Actual Startup Time": 424.074,
                        "Actual Total Time": 424.074,
                        "Actual Rows": 2000405,
                        "Actual Loops": 3,
                        "Output": [
                          "lineitem.l_orderkey"
                        ],
                        "Hash Buckets": 262144,
                        "Original Hash Buckets": 262144,
                        "Hash Batches": 64,
                        "Original Hash Batches": 64,
                        "Peak Memory Usage": 5792,
                        "Shared Hit Blocks": 10868,
                        "Shared Read Blocks": 101635,
                        "Shared Dirtied Blocks": 0,
                        "Shared Written Blocks": 0,
                        "Local Hit Blocks": 0,
                        "Local Read Blocks": 0,
                        "Local Dirtied Blocks": 0,
                        "Local Written Blocks": 0,
                        "Temp Read Blocks": 0,
                        "Temp Written Blocks": 17648,
                        "Workers": [
                          {
                            "Worker Number": 0,
                            "Actual Startup Time": 423.46,
                            "Actual Total Time": 423.46,
                            "Actual Rows": 2031767,
                            "Actual Loops": 1,
                            "Shared Hit Blocks": 3626,
                            "Shared Read Blocks": 34462,
                            "Shared Dirtied Blocks": 0,
                            "Shared Written Blocks": 0,
                            "Local Hit Blocks": 0,
                            "Local Read Blocks": 0,
                            "Local Dirtied Blocks": 0,
                            "Local Written Blocks": 0,
                            "Temp Read Blocks": 0,
                            "Temp Written Blocks": 5992
                          },
                          {
                            "Worker Number": 1,
                            "Actual Startup Time": 423.466,
                            "Actual Total Time": 423.467,
                            "Actual Rows": 1981047,
                            "Actual Loops": 1,
                            "Shared Hit Blocks": 3588,
                            "Shared Read Blocks": 33551,
                            "Shared Dirtied Blocks": 0,
                            "Shared Written Blocks": 0,
                            "Local Hit Blocks": 0,
                            "Local Read Blocks": 0,
                            "Local Dirtied Blocks": 0,
                            "Local Written Blocks": 0,
                            "Temp Read Blocks": 0,
                            "Temp Written Blocks": 5824
                          }
                        ],
                        "Plans": [
                          {
                            "Node Type": "Seq Scan",
                            "Parent Relationship": "Outer",
                            "Parallel Aware": true,
                            "Async Capable": false,
                            "Relation Name": "lineitem",
                            "Schema": "public",
                            "Alias": "lineitem",
                            "Startup Cost": 0.0,
                            "Total Cost": 143761.69,
                            "Plan Rows": 2500445,
                            "Plan Width": 4,
                            "Actual Startup Time": 0.02,
                            "Actual Total Time": 233.25,
                            "Actual Rows": 2000405,
                            "Actual Loops": 3,
                            "Output": [
                              "lineitem.l_orderkey"
                            ],
                            "Filter": "(lineitem.l_extendedprice > '100'::numeric)",
                            "Rows Removed by Filter": 0,
                            "Shared Hit Blocks": 10868,
                            "Shared Read Blocks": 101635,
                            "Shared Dirtied Blocks": 0,
                            "Shared Written Blocks": 0,
                            "Local Hit Blocks": 0,
                            "Local Read Blocks": 0,
                            "Local Dirtied Blocks": 0,
                            "Local Written Blocks": 0,
                            "Temp Read Blocks": 0,
                            "Temp Written Blocks": 0,
                            "Workers": [
                              {
                                "Worker Number": 0,
                                "Actual Startup Time": 0.024,
                                "Actual Total Time": 237.596,
                                "Actual Rows": 2031767,
                                "Actual Loops": 1,
                                "Shared Hit Blocks": 3626,
                                "Shared Read Blocks": 34462,
                                "Shared Dirtied Blocks": 0,
                                "Shared Written Blocks": 0,
                                "Local Hit Blocks": 0,
                                "Local Read Blocks": 0,
                                "Local Dirtied Blocks": 0,
                                "Local Written Blocks": 0,
                                "Temp Read Blocks": 0,
                                "Temp Written Blocks": 0
                              },
                              {
                                "Worker Number": 1,
                                "Actual Startup Time": 0.021,
                                "Actual Total Time": 230.73,
                                "Actual Rows": 1981047,
                                "Actual Loops": 1,
                                "Shared Hit Blocks": 3588,
                                "Shared Read Blocks": 33551,
                                "Shared Dirtied Blocks": 0,
                                "Shared Written Blocks": 0,
                                "Local Hit Blocks": 0,
                                "Local Read Blocks": 0,
                                "Local Dirtied Blocks": 0,
                                "Local Written Blocks": 0,
                                "Temp Read Blocks": 0,
                                "Temp Written Blocks": 0
                              }
                            ]
                          }
                        ]
                      }
                    ]
                  }
                ]
              }
            ]
          }
        ]
      }
    ]
  },
  "Planning": {
    "Shared Hit Blocks": 92,
    "Shared Read Blocks": 0,
    "Shared Dirtied Blocks": 0,
    "Shared Written Blocks": 0,
    "Local Hit Blocks": 0,
    "Local Read Blocks": 0,
    "Local Dirtied Blocks": 0,
    "Local Written Blocks": 0,
    "Temp Read Blocks": 0,
    "Temp Written Blocks": 0
  },
  "Planning Time": 0.299,
  "Triggers": [],
  "Execution Time": 841.829
}