{
  "Plan": {
    "Node Type": "Gather",
    "Parallel Aware": false,
    "Async Capable": false,
    "Startup Cost": 1461.24,
    "Total Cost": 157482.36,
    "Plan Rows": 119922,
    "Plan Width": 32,
    "Actual Startup Time": 1.625,
    "Actual Total Time": 176.134,
    "Actual Rows": 115171,
    "Actual Loops": 1,
    "Output": [
      "supplier.s_name",
      "supplier.s_acctbal"
    ],
    "Workers Planned": 2,
    "Workers Launched": 2,
    "Single Copy": false,
    "Shared Hit Blocks": 11835,
    "Shared Read Blocks": 101529,
    "Shared Dirtied Blocks": 0,
    "Shared Written Blocks": 0,
    "Local Hit Blocks": 0,
    "Local Read Blocks": 0,
    "Local Dirtied Blocks": 0,
    "Local Written Blocks": 0,
    "Temp Read Blocks": 0,
    "Temp Written Blocks": 0,
    "Plans": [
      {
        "Node Type": "Hash Join",
        "Parent Relationship": "Outer",
        "Parallel Aware": false,
        "Async Capable": false,
        "Join Type": "Inner",
        "Startup Cost": 461.24,
        "Total Cost": 144490.16,
        "Plan Rows": 49968,
        "Plan Width": 32,
        "Actual Startup Time": 1.713,
        "Actual Total Time": 172.266,
        "Actual Rows": 38390,
        "Actual Loops": 3,
        "Output": [
          "supplier.s_name",
          "supplier.s_acctbal"
        ],
        "Inner Unique": true,
        "Hash Cond": "(supplier.s_nationkey = nation.n_nationkey)",
        "Shared Hit Blocks": 11835,
        "Shared Read Blocks": 101529,
        "Shared Dirtied Blocks": 0,
        "Shared Written Blocks": 0,
        "Local Hit Blocks": 0,
        "Local Read Blocks": 0,
        "Local Dirtied Blocks": 0,
        "Local Written Blocks": 0,
        "Temp Read Blocks": 0,
        "Temp Written Blocks": 0,
        "Workers": [
          {
            "Worker Number": 0,
            "Actual Startup Time": 1.796,
            "Actual Total Time": 172.794,
            "Actual Rows": 38407,
            "Actual Loops": 1,
            "Shared Hit Blocks": 3805,
            "Shared Read Blocks": 33908,
            "Shared Dirtied Blocks": 0,
            "Shared Written Blocks": 0,
            "Local Hit Blocks": 0,
            "Local Read Blocks": 0,
            "Local Dirtied Blocks": 0,
            "Local Written Blocks": 0,
            "Temp Read Blocks": 0,
            "Temp Written Blocks": 0
          },
          {
            "Worker Number": 1,
            "Actual Startup Time": 1.792,
            "Actual Total Time": 172.826,
            "Actual Rows": 38046,
            "Actual Loops": 1,
            "Shared Hit Blocks": 3768,
            "Shared Read Blocks": 33865,
            "Shared Dirtied Blocks": 0,
            "Shared Written Blocks": 0,
            "Local Hit Blocks": 0,
            "Local Read Blocks": 0,
            "Local Dirtied Blocks": 0,
            "Local Written Blocks": 0,
            "Temp Read Blocks": 0,
            "Temp Written Blocks": 0
          }
        ],
        "Plans": [
          {
            "Node Type": "Hash Join",
            "Parent Relationship": "Outer",
            "Parallel Aware": false,
            "Async Capable": false,
            "Join Type": "Inner",
            "Startup Cost": 447.0,
            "Total Cost": 144340.69,
            "Plan Rows": 50264,
            "Plan Width": 36,
            "Actual Startup Time": 1.63,
            "Actual Total Time": 168.984,
            "Actual Rows": 39890,
            "Actual Loops": 3,
            "Output": [
              "supplier.s_name",
              "supplier.s_acctbal",
              "supplier.s_nationkey"
            ],
            "Inner Unique": true,
            "Hash Cond": "(lineitem.l_suppkey = supplier.s_suppkey)",
            "Shared Hit Blocks": 11640,
            "Shared Read Blocks": 101529,
            "Shared Dirtied Blocks": 0,
            "Shared Written Blocks": 0,
            "Local Hit Blocks": 0,
            "Local Read Blocks": 0,
            "Local Dirtied Blocks": 0,
            "Local Written Blocks": 0,
            "Temp Read Blocks": 0,
            "Temp Written Blocks": 0,
            "Workers": [
              {
                "Worker Number": 0,
                "Actual Startup Time": 1.676,
                "Actual Total Time": 169.45,
                "Actual Rows": 39944,
                "Actual Loops": 1,
                "Shared Hit Blocks": 3708,
                "Shared Read Blocks": 33908,
                "Shared Dirtied Blocks": 0,
                "Shared Written Blocks": 0,
                "Local Hit Blocks": 0,
                "Local Read Blocks": 0,
                "Local Dirtied Blocks": 0,
                "Local Written Blocks": 0,
                "Temp Read Blocks": 0,
                "Temp Written Blocks": 0
              },
              {
                "Worker Number": 1,
                "Actual Startup Time": 1.672,
                "Actual Total Time": 169.553,
                "Actual Rows": 39517,
                "Actual Loops": 1,
                "Shared Hit Blocks": 3671,
                "Shared Read Blocks": 33865,
                "Shared Dirtied Blocks": 0,
                "Shared Written Blocks": 0,
                "Local Hit Blocks": 0,
                "Local Read Blocks": 0,
                "Local Dirtied Blocks": 0,
                "Local Written Blocks": 0,
                "Temp Read Blocks": 0,
                "Temp Written Blocks": 0
              }
            ],
            "Plans": [
              {
                "Node Type": "Seq Scan",
                "Parent Relationship": "Outer",
                "Parallel Aware": true,
                "Async Capable": false,
                "Relation Name": "lineitem",
                "Schema": "public",
                "Alias": "lineitem",
                "Startup Cost": 0.0,
                "Total Cost": 143761.69,
                "Plan Rows": 50264,
                "Plan Width": 4,
                "Actual Startup Time": 0.021,
                "Actual Total Time": 161.089,
                "Actual Rows": 39890,
                "Actual Loops": 3,
                "Output": [
                  "lineitem.l_orderkey",
                  "lineitem.l_partkey",
                  "lineitem.l_suppkey",
                  "lineitem.l_linenumber",
                  "lineitem.l_quantity",
                  "lineitem.l_extendedprice",
                  "lineitem.l_discount",
                  "lineitem.l_tax",
                  "lineitem.l_returnflag",
                  "lineitem.l_linestatus",
                  "lineitem.l_shipdate",
                  "lineitem.l_commitdate",
                  "lineitem.l_receiptdate",
                  "lineitem.l_shipinstruct",
                  "lineitem.l_shipmode",
                  "lineitem.l_comment"
                ],
                "Filter": "(lineitem.l_quantity = '30'::numeric)",
                "Rows Removed by Filter": 1960515,
                "Shared Hit Blocks": 10974,
                "Shared Read Blocks": 101529,
                "Shared Dirtied Blocks": 0,
                "Shared Written Blocks": 0,
                "Local Hit Blocks": 0,
                "Local Read Blocks": 0,
                "Local Dirtied Blocks": 0,
                "Local Written Blocks": 0,
                "Temp Read Blocks": 0,
                "Temp Written Blocks": 0,
                "Workers": [
                  {
                    "Worker Number": 0,
                    "Actual Startup Time": 0.022,
                    "Actual Total Time": 161.538,
                    "Actual Rows": 39944,
                    "Actual Loops": 1,
                    "Shared Hit Blocks": 3486,
                    "Shared Read Blocks": 33908,
                    "Shared Dirtied Blocks": 0,
                    "Shared Written Blocks": 0,
                    "Local Hit Blocks": 0,
                    "Local Read Blocks": 0,
                    "Local Dirtied Blocks": 0,
                    "Local Written Blocks": 0,
                    "Temp Read Blocks": 0,
                    "Temp Written Blocks": 0
                  },
                  {
                    "Worker Number": 1,
                    "Actual Startup Time": 0.035,
                    "Actual Total Time": 161.668,
                    "Actual Rows": 39517,
                    "Actual Loops": 1,
                    "Shared Hit Blocks": 3449,
                    "Shared Read Blocks": 33865,
                    "Shared Dirtied Blocks": 0,
                    "Shared Written Blocks": 0,
                    "Local Hit Blocks": 0,
                    "Local Read Blocks": 0,
                    "Local Dirtied Blocks": 0,
                    "Local Written Blocks": 0,
                    "Temp Read Blocks": 0,
                    "Temp Written Blocks": 0
                  }
                ]
              },
              {
                "Node Type": "Hash",
                "Parent Relationship": "Inner",
                "Parallel Aware": false,
                "Async Capable": false,
                "Startup Cost": 322.0,
                "Total Cost": 322.0,
                "Plan Rows": 10000,
                "Plan Width": 40,
                "Actual Startup Time": 1.596,
                "Actual Total Time": 1.596,
                "Actual Rows": 10000,
                "Actual Loops": 3,
                "Output": [
                  "supplier.s_name",
                  "supplier.s_acctbal",
                  "supplier.s_nationkey",
                  "supplier.s_suppkey"
                ],
                "Hash Buckets": 16384,
                "Original Hash Buckets": 16384,
                "Hash Batches": 1,
                "Original Hash Batches": 1,
                "Peak Memory Usage": 870,
                "Shared Hit Blocks": 666,
                "Shared Read Blocks": 0,
                "Shared Dirtied Blocks": 0,
                "Shared Written Blocks": 0,
                "Local Hit Blocks": 0,
                "Local Read Blocks": 0,
                "Local Dirtied Blocks": 0,
                "Local Written Blocks": 0,
                "Temp Read Blocks": 0,
                "Temp Written Blocks": 0,
                "Workers": [
                  {
                    "Worker Number": 0,
                    "Actual Startup Time": 1.64,
                    "Actual Total Time": 1.64,
                    "Actual Rows": 10000,
                    "Actual Loops": 1,
                    "Shared Hit Blocks": 222,
                    "Shared Read Blocks": 0,
                    "Shared Dirtied Blocks": 0,
                    "Shared Written Blocks": 0,
                    "Local Hit Blocks": 0,
                    "Local Read Blocks": 0,
                    "Local Dirtied Blocks": 0,
                    "Local Written Blocks": 0,
                    "Temp Read Blocks": 0,
                    "Temp Written Blocks": 0
                  },
                  {
                    "Worker Number": 1,
                    "Actual Startup Time": 1.623,
                    "Actual Total Time": 1.623,
                    "Actual Rows": 10000,
                    "Actual Loops": 1,
                    "Shared Hit Blocks": 222,
                    "Shared Read Blocks": 0,
                    "Shared Dirtied Blocks": 0,
                    "Shared Written Blocks": 0,
                    "Local Hit Blocks": 0,
                    "Local Read Blocks": 0,
                    "Local Dirtied Blocks": 0,
                    "Local Written Blocks": 0,
                    "Temp Read Blocks": 0,
                    "Temp Written Blocks": 0
                  }
                ],
                "Plans": [
                  {
                    "Node Type": "Seq Scan",
                    "Parent Relationship": "Outer",
                    "Parallel Aware": false,
                    "Async Capable": false,
                    "Relation Name": "supplier",
                    "Schema": "public",
                    "Alias": "supplier",
                    "Startup Cost": 0.0,
                    "Total Cost": 322.0,
                    "Plan Rows": 10000,
                    "Plan Width": 40,
                    "Actual Startup Time": 0.008,
                    "Actual Total Time": 0.736,
                    "Actual Rows": 10000,
                    "Actual Loops": 3,
                    "Output": [
                      "supplier.s_name",
                      "supplier.s_acctbal",
                      "supplier.s_nationkey",
                      "supplier.s_suppkey"
                    ],
                    "Shared Hit Blocks": 666,
                    "Shared Read Blocks": 0,
                    "Shared Dirtied Blocks": 0,
                    "Shared Written Blocks": 0,
                    "Local Hit Blocks": 0,
                    "Local Read Blocks": 0,
                    "Local Dirtied Blocks": 0,
                    "Local Written Blocks": 0,
                    "Temp Read Blocks": 0,
                    "Temp Written Blocks": 0,
                    "Workers": [
                      {
                        "Worker Number": 0,
                        "Actual Startup Time": 0.013,
                        "Actual Total Time": 0.764,
                        "Actual Rows": 10000,
                        "Actual Loops": 1,
                        "Shared Hit Blocks": 222,
                        "Shared Read Blocks": 0,
                        "Shared Dirtied Blocks": 0,
                        "Shared Written Blocks": 0,
                        "Local Hit Blocks": 0,
                        "Local Read Blocks": 0,
                        "Local Dirtied Blocks": 0,
                        "Local Written Blocks": 0,
                        "Temp Read Blocks": 0,
                        "Temp Written Blocks": 0
                      },
                      {
                        "Worker Number": 1,
                        "Actual Startup Time": 0.011,
                        "Actual Total Time": 0.765,
                        "Actual Rows": 10000,
                        "Actual Loops": 1,
                        "Shared Hit Blocks": 222,
                        "Shared Read Blocks": 0,
                        "Shared Dirtied Blocks": 0,
                        "Shared Written Blocks": 0,
                        "Local Hit Blocks": 0,
                        "Local Read Blocks": 0,
                        "Local Dirtied Blocks": 0,
                        "Local Written Blocks": 0,
                        "Temp Read Blocks": 0,
                        "Temp Written Blocks": 0
                      }
                    ]
                  }
                ]
              }
            ]
          },
          {
            "Node Type": "Hash",
            "Parent Relationship": "Inner",
            "Parallel Aware": false,
            "Async Capable": false,
            "Startup Cost": 12.12,
            "Total Cost": 12.12,
            "Plan Rows": 169,
            "Plan Width": 4,
            "Actual Startup Time": 0.018,
            "Actual Total Time": 0.018,
            "Actual Rows": 24,
            "Actual Loops": 3,
            "Output": [
              "nation.n_nationkey"
            ],
            "Hash Buckets": 1024,
            "Original Hash Buckets": 1024,
            "Hash Batches": 1,
            "Original Hash Batches": 1,
            "Peak Memory Usage": 9,
            "Shared Hit Blocks": 3,
            "Shared Read Blocks": 0,
            "Shared Dirtied Blocks": 0,
            "Shared Written Blocks": 0,
            "Local Hit Blocks": 0,
            "Local Read Blocks": 0,
            "Local Dirtied Blocks": 0,
            "Local Written Blocks": 0,
            "Temp Read Blocks": 0,
            "Temp Written Blocks": 0,
            "Workers": [
              {
                "Worker Number": 0,
                "Actual Startup Time": 0.023,
                "Actual Total Time": 0.023,
                "Actual Rows": 24,
                "Actual Loops": 1,
                "Shared Hit Blocks": 1,
                "Shared Read Blocks": 0,
                "Shared Dirtied Blocks": 0,
                "Shared Written Blocks": 0,
                "Local Hit Blocks": 0,
                "Local Read Blocks": 0,
                "Local Dirtied Blocks": 0,
                "Local Written Blocks": 0,
                "Temp Read Blocks": 0,
                "Temp Written Blocks": 0
              },
              {
                "Worker Number": 1,
                "Actual Startup Time": 0.023,
                "Actual Total Time": 0.024,
                "Actual Rows": 24,
                "Actual Loops": 1,
                "Shared Hit Blocks": 1,
                "Shared Read Blocks": 0,
                "Shared Dirtied Blocks": 0,
                "Shared Written Blocks": 0,
                "Local Hit Blocks": 0,
                "Local Read Blocks": 0,
                "Local Dirtied Blocks": 0,
                "Local Written Blocks": 0,
                "Temp Read Blocks": 0,
                "Temp Written Blocks": 0
              }
            ],
            "Plans": [
              {
                "Node Type": "Seq Scan",
                "Parent Relationship": "Outer",
                "Parallel Aware": false,
                "Async Capable": false,
                "Relation Name": "nation",
                "Schema": "public",
                "Alias": "nation",
                "Startup Cost": 0.0,
                "Total Cost": 12.12,
                "Plan Rows": 169,
                "Plan Width": 4,
                "Actual Startup Time": 0.013,
                "Actual Total Time": 0.015,
                "Actual Rows": 24,
                "Actual Loops": 3,
                "Output": [
                  "nation.n_nationkey"
                ],
                "Filter": "(nation.n_name <> 'JAPAN'::bpchar)",
                "Rows Removed by Filter": 1,
                "Shared Hit Blocks": 3,
                "Shared Read Blocks": 0,
                "Shared Dirtied Blocks": 0,
                "Shared Written Blocks": 0,
                "Local Hit Blocks": 0,
                "Local Read Blocks": 0,
                "Local Dirtied Blocks": 0,
                "Local Written Blocks": 0,
                "Temp Read Blocks": 0,
                "Temp Written Blocks": 0,
                "Workers": [
                  {
                    "Worker Number": 0,
                    "Actual Startup Time": 0.017,
                    "Actual Total Time": 0.02,
                    "Actual Rows": 24,
                    "Actual Loops": 1,
                    "Shared Hit Blocks": 1,
                    "Shared Read Blocks": 0,
                    "Shared Dirtied Blocks": 0,
                    "Shared Written Blocks": 0,
                    "Local Hit Blocks": 0,
                    "Local Read Blocks": 0,
                    "Local Dirtied Blocks": 0,
                    "Local Written Blocks": 0,
                    "Temp Read Blocks": 0,
                    "Temp Written Blocks": 0
                  },
                  {
                    "Worker Number": 1,
                    "Actual Startup Time": 0.018,
                    "Actual Total Time": 0.02,
                    "Actual Rows": 24,
                    "Actual Loops": 1,
                    "Shared Hit Blocks": 1,
                    "Shared Read Blocks": 0,
                    "Shared Dirtied Blocks": 0,
                    "Shared Written Blocks": 0,
                    "Local Hit Blocks": 0,
                    "Local Read Blocks": 0,
                    "Local Dirtied Blocks": 0,
                    "Local Written Blocks": 0,
                    "Temp Read Blocks": 0,
                    "Temp Written Blocks": 0
                  }
                ]
              }
            ]
          }
        ]
      }
    ]
  },
  "Planning": {
    "Shared Hit Blocks": 6,
    "Shared Read Blocks": 0,
    "Shared Dirtied Blocks": 0,
    "Shared Written Blocks": 0,
    "Local Hit Blocks": 0,
    "Local Read Blocks": 0,
    "Local Dirtied Blocks": 0,
    "Local Written Blocks": 0,
    "Temp Read Blocks": 0,
    "Temp Written Blocks": 0
  },
  "Planning Time": 0.092,
  "Triggers": [],
  "Execution Time": 178.725
}