{
  "Plan": {
    "Node Type": "Gather",
    "Parallel Aware": false,
    "Async Capable": false,
    "Startup Cost": 49062.75,
    "Total Cost": 258820.43,
    "Plan Rows": 240101,
    "Plan Width": 12,
    "Actual Startup Time": 434.517,
    "Actual Total Time": 975.643,
    "Actual Rows": 239917,
    "Actual Loops": 1,
    "Output": [
      "orders.o_orderkey",
      "customer.c_nationkey",
      "supplier.s_nationkey"
    ],
    "Workers Planned": 2,
    "Workers Launched": 2,
    "Single Copy": false,
    "Shared Hit Blocks": 16237,
    "Shared Read Blocks": 126804,
    "Shared Dirtied Blocks": 0,
    "Shared Written Blocks": 0,
    "Local Hit Blocks": 0,
    "Local Read Blocks": 0,
    "Local Dirtied Blocks": 0,
    "Local Written Blocks": 0,
    "Temp Read Blocks": 25366,
    "Temp Written Blocks": 25520,
    "Plans": [
      {
        "Node Type": "Hash Join",
        "Parent Relationship": "Outer",
        "Parallel Aware": false,
        "Async Capable": false,
        "Join Type": "Inner",
        "Startup Cost": 48062.75,
        "Total Cost": 233810.33,
        "Plan Rows": 100042,
        "Plan Width": 12,
        "Actual Startup Time": 430.583,
        "Actual Total Time": 960.383,
        "Actual Rows": 79972,
        "Actual Loops": 3,
        "Output": [
          "orders.o_orderkey",
          "customer.c_nationkey",
          "supplier.s_nationkey"
        ],
        "Inner Unique": true,
        "Hash Cond": "((lineitem.l_suppkey = supplier.s_suppkey) AND (customer.c_nationkey = supplier.s_nationkey))",
        "Shared Hit Blocks": 16237,
        "Shared Read Blocks": 126804,
        "Shared Dirtied Blocks": 0,
        "Shared Written Blocks": 0,
        "Local Hit Blocks": 0,
        "Local Read Blocks": 0,
        "Local Dirtied Blocks": 0,
        "Local Written Blocks": 0,
        "Temp Read Blocks": 25366,
        "Temp Written Blocks": 25520,
        "Workers": [
          {
            "Worker Number": 0,
            "Actual Startup Time": 426.958,
            "Actual Total Time": 960.566,
            "Actual Rows": 80746,
            "Actual Loops": 1,
            "Shared Hit Blocks": 5348,
            "Shared Read Blocks": 42136,
            "Shared Dirtied Blocks": 0,
            "Shared Written Blocks": 0,
            "Local Hit Blocks": 0,
            "Local Read Blocks": 0,
            "Local Dirtied Blocks": 0,
            "Local Written Blocks": 0,
            "Temp Read Blocks": 8475,
            "Temp Written Blocks": 8480
          },
          {
            "Worker Number": 1,
            "Actual Startup Time": 430.373,
            "Actual Total Time": 960.689,
            "Actual Rows": 80324,
            "Actual Loops": 1,
            "Shared Hit Blocks": 5355,
            "Shared Read Blocks": 42377,
            "Shared Dirtied Blocks": 0,
            "Shared Written Blocks": 0,
            "Local Hit Blocks": 0,
            "Local Read Blocks": 0,
            "Local Dirtied Blocks": 0,
            "Local Written Blocks": 0,
            "Temp Read Blocks": 8526,
            "Temp Written Blocks": 8464
          }
        ],
        "Plans": [
          {
            "Node Type": "Hash Join",
            "Parent Relationship": "Outer",
            "Parallel Aware": true,
            "Async Capable": false,
            "Join Type": "Inner",
            "Startup Cost": 47590.75,
            "Total Cost": 220209.56,
            "Plan Rows": 2500695,
            "Plan Width": 12,
            "Actual Startup Time": 428.16,
            "Actual Total Time": 848.226,
            "Actual Rows": 2000405,
            "Actual Loops": 3,
            "Output": [
              "orders.o_orderkey",
              "customer.c_nationkey",
              "lineitem.l_suppkey"
            ],
            "Inner Unique": true,
            "Hash Cond": "(orders.o_custkey = customer.c_custkey)",
            "Shared Hit Blocks": 15379,
            "Shared Read Blocks": 126804,
            "Shared Dirtied Blocks": 0,
            "Shared Written Blocks": 0,
            "Local Hit Blocks": 0,
            "Local Read Blocks": 0,
            "Local Dirtied Blocks": 0,
            "Local Written Blocks": 0,
            "Temp Read Blocks": 25366,
            "Temp Written Blocks": 25520,
            "Workers": [
              {
                "Worker Number": 0,
                "Actual Startup Time": 425.497,
                "Actual Total Time": 848.543,
                "Actual Rows": 2006131,
                "Actual Loops": 1,
                "Shared Hit Blocks": 5030,
                "Shared Read Blocks": 42136,
                "Shared Dirtied Blocks": 0,
                "Shared Written Blocks": 0,
                "Local Hit Blocks": 0,
                "Local Read Blocks": 0,
                "Local Dirtied Blocks": 0,
                "Local Written Blocks": 0,
                "Temp Read Blocks": 8475,
                "Temp Written Blocks": 8480
              },
              {
                "Worker Number": 1,
                "Actual Startup Time": 427.459,
                "Actual Total Time": 847.988,
                "Actual Rows": 2020811,
                "Actual Loops": 1,
                "Shared Hit Blocks": 5037,
                "Shared Read Blocks": 42377,
                "Shared Dirtied Blocks": 0,
                "Shared Written Blocks": 0,
                "Local Hit Blocks": 0,
                "Local Read Blocks": 0,
                "Local Dirtied Blocks": 0,
                "Local Written Blocks": 0,
                "Temp Read Blocks": 8526,
                "Temp Written Blocks": 8464
              }
            ],
            "Plans": [
              {
                "Node Type": "Hash Join",
                "Parent Relationship": "Outer",
                "Parallel Aware": true,
                "Async Capable": false,
                "Join Type": "Inner",
                "Startup Cost": 42599.5,
                "Total Cost": 208653.8,
                "Plan Rows": 2500695,
                "Plan Width": 12,
                "Actual Startup Time": 399.669,
                "Actual Total Time": 625.076,
                "Actual Rows": 2000405,
                "Actual Loops": 3,
                "Output": [
                  "orders.o_orderkey",
                  "orders.o_custkey",
                  "lineitem.l_suppkey"
                ],
                "Inner Unique": true,
                "Hash Cond": "(lineitem.l_orderkey = orders.o_orderkey)",
                "Shared Hit Blocks": 11794,
                "Shared Read Blocks": 126804,
                "Shared Dirtied Blocks": 0,
                "Shared Written Blocks": 0,
                "Local Hit Blocks": 0,
                "Local Read Blocks": 0,
                "Local Dirtied Blocks": 0,
                "Local Written Blocks": 0,
                "Temp Read Blocks": 25366,
                "Temp Written Blocks": 25520,
                "Workers": [
                  {
                    "Worker Number": 0,
                    "Actual Startup Time": 396.755,
                    "Actual Total Time": 622.857,
                    "Actual Rows": 2006131,
                    "Actual Loops": 1,
                    "Shared Hit Blocks": 3906,
                    "Shared Read Blocks": 42136,
                    "Shared Dirtied Blocks": 0,
                    "Shared Written Blocks": 0,
                    "Local Hit Blocks": 0,
                    "Local Read Blocks": 0,
                    "Local Dirtied Blocks": 0,
                    "Local Written Blocks": 0,
                    "Temp Read Blocks": 8475,
                    "Temp Written Blocks": 8480
                  },
                  {
                    "Worker Number": 1,
                    "Actual Startup Time": 401.111,
                    "Actual Total Time": 625.259,
                    "Actual Rows": 2020811,
                    "Actual Loops": 1,
                    "Shared Hit Blocks": 3632,
                    "Shared Read Blocks": 42377,
                    "Shared Dirtied Blocks": 0,
                    "Shared Written Blocks": 0,
                    "Local Hit Blocks": 0,
                    "Local Read Blocks": 0,
                    "Local Dirtied Blocks": 0,
                    "Local Written Blocks": 0,
                    "Temp Read Blocks": 8526,
                    "Temp Written Blocks": 8464
                  }
                ],
                "Plans": [
                  {
                    "Node Type": "Seq Scan",
                    "Parent Relationship": "Outer",
                    "Parallel Aware": true,
                    "Async Capable": false,
                    "Relation Name": "lineitem",
                    "Schema": "public",
                    "Alias": "lineitem",
                    "Startup Cost": 0.0,
                    "Total Cost": 137509.95,
                    "Plan Rows": 2500695,
                    "Plan Width": 8,
                    "Actual Startup Time": 0.038,
                    "Actual Total Time": 143.913,
                    "Actual Rows": 2000405,
                    "Actual Loops": 3,
                    "Output": [
                      "lineitem.l_orderkey",
                      "lineitem.l_suppkey"
                    ],
                    "Shared Hit Blocks": 10834,
                    "Shared Read Blocks": 101669,
                    "Shared Dirtied Blocks": 0,
                    "Shared Written Blocks": 0,
                    "Local Hit Blocks": 0,
                    "Local Read Blocks": 0,
                    "Local Dirtied Blocks": 0,
                    "Local Written Blocks": 0,
                    "Temp Read Blocks": 0,
                    "Temp Written Blocks": 0,
                    "Workers": [
                      {
                        "Worker Number": 0,
                        "Actual Startup Time": 0.051,
                        "Actual Total Time": 143.857,
                        "Actual Rows": 2002449,
                        "Actual Loops": 1,
                        "Shared Hit Blocks": 3602,
                        "Shared Read Blocks": 33936,
                        "Shared Dirtied Blocks": 0,
                        "Shared Written Blocks": 0,
                        "Local Hit Blocks": 0,
                        "Local Read Blocks": 0,
                        "Local Dirtied Blocks": 0,
                        "Local Written Blocks": 0,
                        "Temp Read Blocks": 0,
                        "Temp Written Blocks": 0
                      },
                      {
                        "Worker Number": 1,
                        "Actual Startup Time": 0.052,
                        "Actual Total Time": 144.831,
                        "Actual Rows": 1984975,
                        "Actual Loops": 1,
                        "Shared Hit Blocks": 3322,
                        "Shared Read Blocks": 33889,
                        "Shared Dirtied Blocks": 0,
                        "Shared Written Blocks": 0,
                        "Local Hit Blocks": 0,
                        "Local Read Blocks": 0,
                        "Local Dirtied Blocks": 0,
                        "Local Written Blocks": 0,
                        "Temp Read Blocks": 0,
                        "Temp Written Blocks": 0
                      }
                    ]
                  },
                  {
                    "Node Type": "Hash",
                    "Parent Relationship": "Inner",
                    "Parallel Aware": true,
                    "Async Capable": false,
                    "Startup Cost": 32345.0,
                    "Total Cost": 32345.0,
                    "Plan Rows": 625000,
                    "Plan Width": 8,
                    "Actual Startup Time": 77.685,
                    "Actual Total Time": 77.685,
                    "Actual Rows": 500000,
                    "Actual Loops": 3,
                    "Output": [
                      "orders.o_orderkey",
                      "orders.o_custkey"
                    ],
                    "Hash Buckets": 262144,
                    "Original Hash Buckets": 262144,
                    "Hash Batches": 16,
                    "Original Hash Batches": 16,
                    "Peak Memory Usage": 5792,
                    "Shared Hit Blocks": 960,
                    "Shared Read Blocks": 25135,
                    "Shared Dirtied Blocks": 0,
                    "Shared Written Blocks": 0,
                    "Local Hit Blocks": 0,
                    "Local Read Blocks": 0,
                    "Local Dirtied Blocks": 0,
                    "Local Written Blocks": 0,
                    "Temp Read Blocks": 0,
                    "Temp Written Blocks": 4912,
                    "Workers": [
                      {
                        "Worker Number": 0,
                        "Actual Startup Time": 77.782,
                        "Actual Total Time": 77.782,
                        "Actual Rows": 488861,
                        "Actual Loops": 1,
                        "Shared Hit Blocks": 304,
                        "Shared Read Blocks": 8200,
                        "Shared Dirtied Blocks": 0,
                        "Shared Written Blocks": 0,
                        "Local Hit Blocks": 0,
                        "Local Read Blocks": 0,
                        "Local Dirtied Blocks": 0,
                        "Local Written Blocks": 0,
                        "Temp Read Blocks": 0,
                        "Temp Written Blocks": 1608
                      },
                      {
                        "Worker Number": 1,
                        "Actual Startup Time": 77.76,
                        "Actual Total Time": 77.76,
                        "Actual Rows": 505744,
                        "Actual Loops": 1,
                        "Shared Hit Blocks": 310,
                        "Shared Read Blocks": 8488,
                        "Shared Dirtied Blocks": 0,
                        "Shared Written Blocks": 0,
                        "Local Hit Blocks": 0,
                        "Local Read Blocks": 0,
                        "Local Dirtied Blocks": 0,
                        "Local Written Blocks": 0,
                        "Temp Read Blocks": 0,
                        "Temp Written Blocks": 1648
                      }
                    ],
                    "Plans": [
                      {
                        "Node Type": "Seq Scan",
                        "Parent Relationship": "Outer",
                        "Parallel Aware": true,
                        "Async Capable": false,
                        "Relation Name": "orders",
                        "Schema": "public",
                        "Alias": "orders",
                        "Startup Cost": 0.0,
                        "Total Cost": 32345.0,
                        "Plan Rows": 625000,
                        "Plan Width": 8,
                        "Actual Startup Time": 0.051,
                        "Actual Total Time": 36.033,
                        "Actual Rows": 500000,
                        "Actual Loops": 3,
                        "Output": [
                          "orders.o_orderkey",
                          "orders.o_custkey"
                        ],
                        "Shared Hit Blocks": 960,
                        "Shared Read Blocks": 25135,
                        "Shared Dirtied Blocks": 0,
                        "Shared Written Blocks": 0,
                        "Local Hit Blocks": 0,
                        "Local Read Blocks": 0,
                        "Local Dirtied Blocks": 0,
                        "Local Written Blocks": 0,
                        "Temp Read Blocks": 0,
                        "Temp Written Blocks": 0,
                        "Workers": [
                          {
                            "Worker Number": 0,
                            "Actual Startup Time": 0.053,
                            "Actual Total Time": 35.99,
                            "Actual Rows": 488861,
                            "Actual Loops": 1,
                            "Shared Hit Blocks": 304,
                            "Shared Read Blocks": 8200,
                            "Shared Dirtied Blocks": 0,
                            "Shared Written Blocks": 0,
                            "Local Hit Blocks": 0,
                            "Local Read Blocks": 0,
                            "Local Dirtied Blocks": 0,
                            "Local Written Blocks": 0,
                            "Temp Read Blocks": 0,
                            "Temp Written Blocks": 0
                          },
                          {
                            "Worker Number": 1,
                            "Actual Startup Time": 0.086,
                            "Actual Total Time": 36.275,
                            "Actual Rows": 505744,
                            "Actual Loops": 1,
                            "Shared Hit Blocks": 310,
                            "Shared Read Blocks": 8488,
                            "Shared Dirtied Blocks": 0,
                            "Shared Written Blocks": 0,
                            "Local Hit Blocks": 0,
                            "Local Read Blocks": 0,
                            "Local Dirtied Blocks": 0,
                            "Local Written Blocks": 0,
                            "Temp Read Blocks": 0,
                            "Temp Written Blocks": 0
                          }
                        ]
                      }
                    ]
                  }
                ]
              },
              {
                "Node Type": "Hash",
                "Parent Relationship": "Inner",
                "Parallel Aware": true,
                "Async Capable": false,
                "Startup Cost": 4210.0,
                "Total Cost": 4210.0,
                "Plan Rows": 62500,
                "Plan Width": 8,
                "Actual Startup Time": 28.296,
                "Actual Total Time": 28.296,
                "Actual Rows": 50000,
                "Actual Loops": 3,
                "Output": [
                  "customer.c_nationkey",
                  "customer.c_custkey"
                ],
                "Hash Buckets": 262144,
                "Original Hash Buckets": 262144,
                "Hash Batches": 1,
                "Original Hash Batches": 1,
                "Peak Memory Usage": 7968,
                "Shared Hit Blocks": 3585,
                "Shared Read Blocks": 0,
                "Shared Dirtied Blocks": 0,
                "Shared Written Blocks": 0,
                "Local Hit Blocks": 0,
                "Local Read Blocks": 0,
                "Local Dirtied Blocks": 0,
                "Local Written Blocks": 0,
                "Temp Read Blocks": 0,
                "Temp Written Blocks": 0,
                "Workers": [
                  {
                    "Worker Number": 0,
                    "Actual Startup Time": 28.729,
                    "Actual Total Time": 28.729,
                    "Actual Rows": 47011,
                    "Actual Loops": 1,
                    "Shared Hit Blocks": 1124,
                    "Shared Read Blocks": 0,
                    "Shared Dirtied Blocks": 0,
                    "Shared Written Blocks": 0,
                    "Local Hit Blocks": 0,
                    "Local Read Blocks": 0,
                    "Local Dirtied Blocks": 0,
                    "Local Written Blocks": 0,
                    "Temp Read Blocks": 0,
                    "Temp Written Blocks": 0
                  },
                  {
                    "Worker Number": 1,
                    "Actual Startup Time": 26.318,
                    "Actual Total Time": 26.319,
                    "Actual Rows": 58794,
                    "Actual Loops": 1,
                    "Shared Hit Blocks": 1405,
                    "Shared Read Blocks": 0,
                    "Shared Dirtied Blocks": 0,
                    "Shared Written Blocks": 0,
                    "Local Hit Blocks": 0,
                    "Local Read Blocks": 0,
                    "Local Dirtied Blocks": 0,
                    "Local Written Blocks": 0,
                    "Temp Read Blocks": 0,
                    "Temp Written Blocks": 0
                  }
                ],
                "Plans": [
                  {
                    "Node Type": "Seq Scan",
                    "Parent Relationship": "Outer",
                    "Parallel Aware": true,
                    "Async Capable": false,
                    "Relation Name": "customer",
                    "Schema": "public",
                    "Alias": "customer",
                    "Startup Cost": 0.0,
                    "Total Cost": 4210.0,
                    "Plan Rows": 62500,
                    "Plan Width": 8,
                    "Actual Startup Time": 0.007,
                    "Actual Total Time": 13.868,
                    "Actual Rows": 50000,
                    "Actual Loops": 3,
                    "Output": [
                      "customer.c_nationkey",
                      "customer.c_custkey"
                    ],
                    "Shared Hit Blocks": 3585,
                    "Shared Read Blocks": 0,
                    "Shared Dirtied Blocks": 0,
                    "Shared Written Blocks": 0,
                    "Local Hit Blocks": 0,
                    "Local Read Blocks": 0,
                    "Local Dirtied Blocks": 0,
                    "Local Written Blocks": 0,
                    "Temp Read Blocks": 0,
                    "Temp Written Blocks": 0,
                    "Workers": [
                      {
                        "Worker Number": 0,
                        "Actual Startup Time": 0.006,
                        "Actual Total Time": 13.817,
                        "Actual Rows": 47011,
                        "Actual Loops": 1,
                        "Shared Hit Blocks": 1124,
                        "Shared Read Blocks": 0,
                        "Shared Dirtied Blocks": 0,
                        "Shared Written Blocks": 0,
                        "Local Hit Blocks": 0,
                        "Local Read Blocks": 0,
                        "Local Dirtied Blocks": 0,
                        "Local Written Blocks": 0,
                        "Temp Read Blocks": 0,
                        "Temp Written Blocks": 0
                      },
                      {
                        "Worker Number": 1,
                        "Actual Startup Time": 0.008,
                        "Actual Total Time": 11.986,
                        "Actual Rows": 58794,
                        "Actual Loops": 1,
                        "Shared Hit Blocks": 1405,
                        "Shared Read Blocks": 0,
                        "Shared Dirtied Blocks": 0,
                        "Shared Written Blocks": 0,
                        "Local Hit Blocks": 0,
                        "Local Read Blocks": 0,
                        "Local Dirtied Blocks": 0,
                        "Local Written Blocks": 0,
                        "Temp Read Blocks": 0,
                        "Temp Written Blocks": 0
                      }
                    ]
                  }
                ]
              }
            ]
          },
          {
            "Node Type": "Hash",
            "Parent Relationship": "Inner",
            "Parallel Aware": false,
            "Async Capable": false,
            "Startup Cost": 322.0,
            "Total Cost": 322.0,
            "Plan Rows": 10000,
            "Plan Width": 8,
            "Actual Startup Time": 2.294,
            "Actual Total Time": 2.295,
            "Actual Rows": 10000,
            "Actual Loops": 3,
            "Output": [
              "supplier.s_nationkey",
              "supplier.s_suppkey"
            ],
            "Hash Buckets": 16384,
            "Original Hash Buckets": 16384,
            "Hash Batches": 1,
            "Original Hash Batches": 1,
            "Peak Memory Usage": 519,
            "Shared Hit Blocks": 666,
            "Shared Read Blocks": 0,
            "Shared Dirtied Blocks": 0,
            "Shared Written Blocks": 0,
            "Local Hit Blocks": 0,
            "Local Read Blocks": 0,
            "Local Dirtied Blocks": 0,
            "Local Written Blocks": 0,
            "Temp Read Blocks": 0,
            "Temp Written Blocks": 0,
            "Workers": [
              {
                "Worker Number": 0,
                "Actual Startup Time": 1.337,
                "Actual Total Time": 1.337,
                "Actual Rows": 10000,
                "Actual Loops": 1,
                "Shared Hit Blocks": 222,
                "Shared Read Blocks": 0,
                "Shared Dirtied Blocks": 0,
                "Shared Written Blocks": 0,
                "Local Hit Blocks": 0,
                "Local Read Blocks": 0,
                "Local Dirtied Blocks": 0,
                "Local Written Blocks": 0,
                "Temp Read Blocks": 0,
                "Temp Written Blocks": 0
              },
              {
                "Worker Number": 1,
                "Actual Startup Time": 2.685,
                "Actual Total Time": 2.685,
                "Actual Rows": 10000,
                "Actual Loops": 1,
                "Shared Hit Blocks": 222,
                "Shared Read Blocks": 0,
                "Shared Dirtied Blocks": 0,
                "Shared Written Blocks": 0,
                "Local Hit Blocks": 0,
                "Local Read Blocks": 0,
                "Local Dirtied Blocks": 0,
                "Local Written Blocks": 0,
                "Temp Read Blocks": 0,
                "Temp Written Blocks": 0
              }
            ],
            "Plans": [
              {
                "Node Type": "Seq Scan",
                "Parent Relationship": "Outer",
                "Parallel Aware": false,
                "Async Capable": false,
                "Relation Name": "supplier",
                "Schema": "public",
                "Alias": "supplier",
                "Startup Cost": 0.0,
                "Total Cost": 322.0,
                "Plan Rows": 10000,
                "Plan Width": 8,
                "Actual Startup Time": 0.017,
                "Actual Total Time": 1.275,
                "Actual Rows": 10000,
                "Actual Loops": 3,
                "Output": [
                  "supplier.s_nationkey",
                  "supplier.s_suppkey"
                ],
                "Shared Hit Blocks": 666,
                "Shared Read Blocks": 0,
                "Shared Dirtied Blocks": 0,
                "Shared Written Blocks": 0,
                "Local Hit Blocks": 0,
                "Local Read Blocks": 0,
                "Local Dirtied Blocks": 0,
                "Local Written Blocks": 0,
                "Temp Read Blocks": 0,
                "Temp Written Blocks": 0,
                "Workers": [
                  {
                    "Worker Number": 0,
                    "Actual Startup Time": 0.018,
                    "Actual Total Time": 0.784,
                    "Actual Rows": 10000,
                    "Actual Loops": 1,
                    "Shared Hit Blocks": 222,
                    "Shared Read Blocks": 0,
                    "Shared Dirtied Blocks": 0,
                    "Shared Written Blocks": 0,
                    "Local Hit Blocks": 0,
                    "Local Read Blocks": 0,
                    "Local Dirtied Blocks": 0,
                    "Local Written Blocks": 0,
                    "Temp Read Blocks": 0,
                    "Temp Written Blocks": 0
                  },
                  {
                    "Worker Number": 1,
                    "Actual Startup Time": 0.029,
                    "Actual Total Time": 1.493,
                    "Actual Rows": 10000,
                    "Actual Loops": 1,
                    "Shared Hit Blocks": 222,
                    "Shared Read Blocks": 0,
                    "Shared Dirtied Blocks": 0,
                    "Shared Written Blocks": 0,
                    "Local Hit Blocks": 0,
                    "Local Read Blocks": 0,
                    "Local Dirtied Blocks": 0,
                    "Local Written Blocks": 0,
                    "Temp Read Blocks": 0,
                    "Temp Written Blocks": 0
                  }
                ]
              }
            ]
          }
        ]
      }
    ]
  },
  "Planning": {
    "Shared Hit Blocks": 90,
    "Shared Read Blocks": 0,
    "Shared Dirtied Blocks": 0,
    "Shared Written Blocks": 0,
    "Local Hit Blocks": 0,
    "Local Read Blocks": 0,
    "Local Dirtied Blocks": 0,
    "Local Written Blocks": 0,
    "Temp Read Blocks": 0,
    "Temp Written Blocks": 0
  },
  "Planning Time": 0.402,
  "Triggers": [],
  "Execution Time": 981.14
}