{
  "Plan": {
    "Node Type": "Hash Join",
    "Parallel Aware": false,
    "Async Capable": false,
    "Join Type": "Inner",
    "Startup Cost": 73112.0,
    "Total Cost": 345652.08,
    "Plan Rows": 5761567,
    "Plan Width": 12,
    "Actual Startup Time": 205.379,
    "Actual Total Time": 2771.737,
    "Actual Rows": 5761298,
    "Actual Loops": 1,
    "Output": [
      "orders.o_orderkey",
      "customer.c_nationkey",
      "supplier.s_nationkey"
    ],
    "Inner Unique": true,
    "Hash Cond": "(orders.o_custkey = customer.c_custkey)",
    "Join Filter": "(supplier.s_nationkey <> customer.c_nationkey)",
    "Rows Removed by Join Filter": 239917,
    "Shared Hit Blocks": 15777,
    "Shared Read Blocks": 126628,
    "Shared Dirtied Blocks": 0,
    "Shared Written Blocks": 0,
    "Local Hit Blocks": 0,
    "Local Read Blocks": 0,
    "Local Dirtied Blocks": 0,
    "Local Written Blocks": 0,
    "Temp Read Blocks": 24043,
    "Temp Written Blocks": 24043,
    "Plans": [
      {
        "Node Type": "Hash Join",
        "Parent Relationship": "Outer",
        "Parallel Aware": false,
        "Async Capable": false,
        "Join Type": "Inner",
        "Startup Cost": 66152.0,
        "Total Cost": 322937.16,
        "Plan Rows": 6001668,
        "Plan Width": 12,
        "Actual Startup Time": 188.211,
        "Actual Total Time": 2133.385,
        "Actual Rows": 6001215,
        "Actual Loops": 1,
        "Output": [
          "orders.o_orderkey",
          "orders.o_custkey",
          "supplier.s_nationkey"
        ],
        "Inner Unique": true,
        "Hash Cond": "(lineitem.l_suppkey = supplier.s_suppkey)",
        "Shared Hit Blocks": 12192,
        "Shared Read Blocks": 126628,
        "Shared Dirtied Blocks": 0,
        "Shared Written Blocks": 0,
        "Local Hit Blocks": 0,
        "Local Read Blocks": 0,
        "Local Dirtied Blocks": 0,
        "Local Written Blocks": 0,
        "Temp Read Blocks": 24043,
        "Temp Written Blocks": 24043,
        "Plans": [
          {
            "Node Type": "Hash Join",
            "Parent Relationship": "Outer",
            "Parallel Aware": false,
            "Async Capable": false,
            "Join Type": "Inner",
            "Startup Cost": 65705.0,
            "Total Cost": 306729.1,
            "Plan Rows": 6001668,
            "Plan Width": 12,
            "Actual Startup Time": 187.138,
            "Actual Total Time": 1636.626,
            "Actual Rows": 6001215,
            "Actual Loops": 1,
            "Output": [
              "orders.o_orderkey",
              "orders.o_custkey",
              "lineitem.l_suppkey"
            ],
            "Inner Unique": true,
            "Hash Cond": "(lineitem.l_orderkey = orders.o_orderkey)",
            "Shared Hit Blocks": 11970,
            "Shared Read Blocks": 126628,
            "Shared Dirtied Blocks": 0,
            "Shared Written Blocks": 0,
            "Local Hit Blocks": 0,
            "Local Read Blocks": 0,
            "Local Dirtied Blocks": 0,
            "Local Written Blocks": 0,
            "Temp Read Blocks": 24043,
            "Temp Written Blocks": 24043,
            "Plans": [
              {
                "Node Type": "Seq Scan",
                "Parent Relationship": "Outer",
                "Parallel Aware": false,
                "Async Capable": false,
                "Relation Name": "lineitem",
                "Schema": "public",
                "Alias": "lineitem",
                "Startup Cost": 0.0,
                "Total Cost": 172519.68,
                "Plan Rows": 6001668,
                "Plan Width": 8,
                "Actual Startup Time": 0.011,
                "Actual Total Time": 423.156,
                "Actual Rows": 6001215,
                "Actual Loops": 1,
                "Output": [
                  "lineitem.l_orderkey",
                  "lineitem.l_suppkey"
                ],
                "Shared Hit Blocks": 10915,
                "Shared Read Blocks": 101588,
                "Shared Dirtied Blocks": 0,
                "Shared Written Blocks": 0,
                "Local Hit Blocks": 0,
                "Local Read Blocks": 0,
                "Local Dirtied Blocks": 0,
                "Local Written Blocks": 0,
                "Temp Read Blocks": 0,
                "Temp Written Blocks": 0
              },
              {
                "Node Type": "Hash",
                "Parent Relationship": "Inner",
                "Parallel Aware": false,
                "Async Capable": false,
                "Startup Cost": 41095.0,
                "Total Cost": 41095.0,
                "Plan Rows": 1500000,
                "Plan Width": 8,
                "Actual Startup Time": 186.691,
                "Actual Total Time": 186.691,
                "Actual Rows": 1500000,
                "Actual Loops": 1,
                "Output": [
                  "orders.o_orderkey",
                  "orders.o_custkey"
                ],
                "Hash Buckets": 262144,
                "Original Hash Buckets": 262144,
                "Hash Batches": 16,
                "Original Hash Batches": 16,
                "Peak Memory Usage": 5726,
                "Shared Hit Blocks": 1055,
                "Shared Read Blocks": 25040,
                "Shared Dirtied Blocks": 0,
                "Shared Written Blocks": 0,
                "Local Hit Blocks": 0,
                "Local Read Blocks": 0,
                "Local Dirtied Blocks": 0,
                "Local Written Blocks": 0,
                "Temp Read Blocks": 0,
                "Temp Written Blocks": 4797,
                "Plans": [
                  {
                    "Node Type": "Seq Scan",
                    "Parent Relationship": "Outer",
                    "Parallel Aware": false,
                    "Async Capable": false,
                    "Relation Name": "orders",
                    "Schema": "public",
                    "Alias": "orders",
                    "Startup Cost": 0.0,
                    "Total Cost": 41095.0,
                    "Plan Rows": 1500000,
                    "Plan Width": 8,
                    "Actual Startup Time": 0.006,
                    "Actual Total Time": 88.079,
                    "Actual Rows": 1500000,
                    "Actual Loops": 1,
                    "Output": [
                      "orders.o_orderkey",
                      "orders.o_custkey"
                    ],
                    "Shared Hit Blocks": 1055,
                    "Shared Read Blocks": 25040,
                    "Shared Dirtied Blocks": 0,
                    "Shared Written Blocks": 0,
                    "Local Hit Blocks": 0,
                    "Local Read Blocks": 0,
                    "Local Dirtied Blocks": 0,
                    "Local Written Blocks": 0,
                    "Temp Read Blocks": 0,
                    "Temp Written Blocks": 0
                  }
                ]
              }
            ]
          },
          {
            "Node Type": "Hash",
            "Parent Relationship": "Inner",
            "Parallel Aware": false,
            "Async Capable": false,
            "Startup Cost": 322.0,
            "Total Cost": 322.0,
            "Plan Rows": 10000,
            "Plan Width": 8,
            "Actual Startup Time": 1.061,
            "Actual Total Time": 1.061,
            "Actual Rows": 10000,
            "Actual Loops": 1,
            "Output": [
              "supplier.s_nationkey",
              "supplier.s_suppkey"
            ],
            "Hash Buckets": 16384,
            "Original Hash Buckets": 16384,
            "Hash Batches": 1,
            "Original Hash Batches": 1,
            "Peak Memory Usage": 519,
            "Shared Hit Blocks": 222,
            "Shared Read Blocks": 0,
            "Shared Dirtied Blocks": 0,
            "Shared Written Blocks": 0,
            "Local Hit Blocks": 0,
            "Local Read Blocks": 0,
            "Local Dirtied Blocks": 0,
            "Local Written Blocks": 0,
            "Temp Read Blocks": 0,
            "Temp Written Blocks": 0,
            "Plans": [
              {
                "Node Type": "Seq Scan",
                "Parent Relationship": "Outer",
                "Parallel Aware": false,
                "Async Capable": false,
                "Relation Name": "supplier",
                "Schema": "public",
                "Alias": "supplier",
                "Startup Cost": 0.0,
                "Total Cost": 322.0,
                "Plan Rows": 10000,
                "Plan Width": 8,
                "Actual Startup Time": 0.003,
                "Actual Total Time": 0.574,
                "Actual Rows": 10000,
                "Actual Loops": 1,
                "Output": [
                  "supplier.s_nationkey",
                  "supplier.s_suppkey"
                ],
                "Shared Hit Blocks": 222,
                "Shared Read Blocks": 0,
                "Shared Dirtied Blocks": 0,
                "Shared Written Blocks": 0,
                "Local Hit Blocks": 0,
                "Local Read Blocks": 0,
                "Local Dirtied Blocks": 0,
                "Local Written Blocks": 0,
                "Temp Read Blocks": 0,
                "Temp Written Blocks": 0
              }
            ]
          }
        ]
      },
      {
        "Node Type": "Hash",
        "Parent Relationship": "Inner",
        "Parallel Aware": false,
        "Async Capable": false,
        "Startup Cost": 5085.0,
        "Total Cost": 5085.0,
        "Plan Rows": 150000,
        "Plan Width": 8,
        "Actual Startup Time": 17.071,
        "Actual Total Time": 17.071,
        "Actual Rows": 150000,
        "Actual Loops": 1,
        "Output": [
          "customer.c_nationkey",
          "customer.c_custkey"
        ],
        "Hash Buckets": 262144,
        "Original Hash Buckets": 262144,
        "Hash Batches": 1,
        "Original Hash Batches": 1,
        "Peak Memory Usage": 7908,
        "Shared Hit Blocks": 3585,
        "Shared Read Blocks": 0,
        "Shared Dirtied Blocks": 0,
        "Shared Written Blocks": 0,
        "Local Hit Blocks": 0,
        "Local Read Blocks": 0,
        "Local Dirtied Blocks": 0,
        "Local Written Blocks": 0,
        "Temp Read Blocks": 0,
        "Temp Written Blocks": 0,
        "Plans": [
          {
            "Node Type": "Seq Scan",
            "Parent Relationship": "Outer",
            "Parallel Aware": false,
            "Async Capable": false,
            "Relation Name": "customer",
            "Schema": "public",
            "Alias": "customer",
            "Startup Cost": 0.0,
            "Total Cost": 5085.0,
            "Plan Rows": 150000,
            "Plan Width": 8,
            "Actual Startup Time": 0.007,
            "Actual Total Time": 9.236,
            "Actual Rows": 150000,
            "Actual Loops": 1,
            "Output": [
              "customer.c_nationkey",
              "customer.c_custkey"
            ],
            "Shared Hit Blocks": 3585,
            "Shared Read Blocks": 0,
            "Shared Dirtied Blocks": 0,
            "Shared Written Blocks": 0,
            "Local Hit Blocks": 0,
            "Local Read Blocks": 0,
            "Local Dirtied Blocks": 0,
            "Local Written Blocks": 0,
            "Temp Read Blocks": 0,
            "Temp Written Blocks": 0
          }
        ]
      }
    ]
  },
  "Planning": {
    "Shared Hit Blocks": 60,
    "Shared Read Blocks": 0,
    "Shared Dirtied Blocks": 0,
    "Shared Written Blocks": 0,
    "Local Hit Blocks": 0,
    "Local Read Blocks": 0,
    "Local Dirtied Blocks": 0,
    "Local Written Blocks": 0,
    "Temp Read Blocks": 0,
    "Temp Written Blocks": 0
  },
  "Planning Time": 0.232,
  "Triggers": [],
  "Execution Time": 2887.679
}